{"/Users/harel/Desktop/Monday/Exercise/ex_8/monday-u-assignment/src/client/src/App.js": {"path":"/Users/harel/Desktop/Monday/Exercise/ex_8/monday-u-assignment/src/client/src/App.js","statementMap":{"0":{"start":{"line":7,"column":2},"end":{"line":13,"column":4}}},"fnMap":{"0":{"name":"App","decl":{"start":{"line":6,"column":9},"end":{"line":6,"column":12}},"loc":{"start":{"line":6,"column":15},"end":{"line":14,"column":1}},"line":6}},"branchMap":{},"s":{"0":1},"f":{"0":1},"b":{},"_coverageSchema":"1a1c01bbd47fc00a2c39e90264f33305004495a9","hash":"8b95bbc85a47b38e2f6d5f281894ba89652a09ce"}
,"/Users/harel/Desktop/Monday/Exercise/ex_8/monday-u-assignment/src/client/src/index.js": {"path":"/Users/harel/Desktop/Monday/Exercise/ex_8/monday-u-assignment/src/client/src/index.js","statementMap":{"0":{"start":{"line":12,"column":13},"end":{"line":12,"column":65}},"1":{"start":{"line":13,"column":0},"end":{"line":19,"column":2}},"2":{"start":{"line":24,"column":0},"end":{"line":24,"column":18}}},"fnMap":{},"branchMap":{},"s":{"0":0,"1":0,"2":0},"f":{},"b":{}}
,"/Users/harel/Desktop/Monday/Exercise/ex_8/monday-u-assignment/src/client/src/reportWebVitals.js": {"path":"/Users/harel/Desktop/Monday/Exercise/ex_8/monday-u-assignment/src/client/src/reportWebVitals.js","statementMap":{"0":{"start":{"line":1,"column":24},"end":{"line":11,"column":1}},"1":{"start":{"line":2,"column":2},"end":{"line":10,"column":3}},"2":{"start":{"line":3,"column":4},"end":{"line":9,"column":7}},"3":{"start":{"line":4,"column":6},"end":{"line":4,"column":26}},"4":{"start":{"line":5,"column":6},"end":{"line":5,"column":26}},"5":{"start":{"line":6,"column":6},"end":{"line":6,"column":26}},"6":{"start":{"line":7,"column":6},"end":{"line":7,"column":26}},"7":{"start":{"line":8,"column":6},"end":{"line":8,"column":27}}},"fnMap":{"0":{"name":"(anonymous_0)","decl":{"start":{"line":1,"column":24},"end":{"line":1,"column":25}},"loc":{"start":{"line":1,"column":39},"end":{"line":11,"column":1}},"line":1},"1":{"name":"(anonymous_1)","decl":{"start":{"line":3,"column":30},"end":{"line":3,"column":31}},"loc":{"start":{"line":3,"column":79},"end":{"line":9,"column":5}},"line":3}},"branchMap":{"0":{"loc":{"start":{"line":2,"column":2},"end":{"line":10,"column":3}},"type":"if","locations":[{"start":{"line":2,"column":2},"end":{"line":10,"column":3}},{"start":{},"end":{}}],"line":2},"1":{"loc":{"start":{"line":2,"column":6},"end":{"line":2,"column":52}},"type":"binary-expr","locations":[{"start":{"line":2,"column":6},"end":{"line":2,"column":17}},{"start":{"line":2,"column":21},"end":{"line":2,"column":52}}],"line":2}},"s":{"0":0,"1":0,"2":0,"3":0,"4":0,"5":0,"6":0,"7":0},"f":{"0":0,"1":0},"b":{"0":[0,0],"1":[0,0]}}
,"/Users/harel/Desktop/Monday/Exercise/ex_8/monday-u-assignment/src/client/src/app/store.js": {"path":"/Users/harel/Desktop/Monday/Exercise/ex_8/monday-u-assignment/src/client/src/app/store.js","statementMap":{"0":{"start":{"line":5,"column":21},"end":{"line":9,"column":2}}},"fnMap":{},"branchMap":{},"s":{"0":2},"f":{},"b":{},"_coverageSchema":"1a1c01bbd47fc00a2c39e90264f33305004495a9","hash":"b445ffa1d731e5f3da89cfde1ba8ae1249705767"}
,"/Users/harel/Desktop/Monday/Exercise/ex_8/monday-u-assignment/src/client/src/app/actions/items-entities-actions.js": {"path":"/Users/harel/Desktop/Monday/Exercise/ex_8/monday-u-assignment/src/client/src/app/actions/items-entities-actions.js","statementMap":{"0":{"start":{"line":31,"column":16},"end":{"line":36,"column":1}},"1":{"start":{"line":32,"column":2},"end":{"line":35,"column":4}},"2":{"start":{"line":38,"column":19},"end":{"line":43,"column":1}},"3":{"start":{"line":39,"column":2},"end":{"line":42,"column":4}},"4":{"start":{"line":44,"column":23},"end":{"line":48,"column":1}},"5":{"start":{"line":45,"column":2},"end":{"line":47,"column":4}},"6":{"start":{"line":50,"column":17},"end":{"line":55,"column":1}},"7":{"start":{"line":51,"column":2},"end":{"line":54,"column":4}},"8":{"start":{"line":57,"column":19},"end":{"line":62,"column":1}},"9":{"start":{"line":58,"column":2},"end":{"line":61,"column":4}},"10":{"start":{"line":64,"column":31},"end":{"line":76,"column":1}},"11":{"start":{"line":65,"column":2},"end":{"line":75,"column":4}},"12":{"start":{"line":66,"column":4},"end":{"line":66,"column":33}},"13":{"start":{"line":67,"column":4},"end":{"line":74,"column":5}},"14":{"start":{"line":68,"column":19},"end":{"line":68,"column":38}},"15":{"start":{"line":69,"column":6},"end":{"line":69,"column":30}},"16":{"start":{"line":70,"column":6},"end":{"line":70,"column":40}},"17":{"start":{"line":73,"column":6},"end":{"line":73,"column":37}},"18":{"start":{"line":78,"column":36},"end":{"line":89,"column":1}},"19":{"start":{"line":79,"column":2},"end":{"line":88,"column":4}},"20":{"start":{"line":80,"column":4},"end":{"line":87,"column":5}},"21":{"start":{"line":81,"column":19},"end":{"line":81,"column":43}},"22":{"start":{"line":83,"column":6},"end":{"line":83,"column":33}},"23":{"start":{"line":84,"column":6},"end":{"line":84,"column":43}},"24":{"start":{"line":86,"column":6},"end":{"line":86,"column":40}},"25":{"start":{"line":91,"column":36},"end":{"line":101,"column":1}},"26":{"start":{"line":92,"column":2},"end":{"line":100,"column":4}},"27":{"start":{"line":93,"column":4},"end":{"line":99,"column":5}},"28":{"start":{"line":94,"column":6},"end":{"line":94,"column":28}},"29":{"start":{"line":95,"column":6},"end":{"line":95,"column":33}},"30":{"start":{"line":96,"column":6},"end":{"line":96,"column":43}},"31":{"start":{"line":98,"column":6},"end":{"line":98,"column":40}},"32":{"start":{"line":103,"column":30},"end":{"line":123,"column":1}},"33":{"start":{"line":104,"column":2},"end":{"line":122,"column":4}},"34":{"start":{"line":105,"column":4},"end":{"line":107,"column":5}},"35":{"start":{"line":106,"column":6},"end":{"line":106,"column":39}},"36":{"start":{"line":108,"column":4},"end":{"line":108,"column":32}},"37":{"start":{"line":109,"column":4},"end":{"line":121,"column":5}},"38":{"start":{"line":110,"column":19},"end":{"line":110,"column":45}},"39":{"start":{"line":111,"column":6},"end":{"line":117,"column":7}},"40":{"start":{"line":113,"column":8},"end":{"line":113,"column":33}},"41":{"start":{"line":114,"column":8},"end":{"line":114,"column":42}},"42":{"start":{"line":116,"column":8},"end":{"line":116,"column":43}},"43":{"start":{"line":118,"column":6},"end":{"line":118,"column":29}},"44":{"start":{"line":120,"column":6},"end":{"line":120,"column":37}},"45":{"start":{"line":125,"column":34},"end":{"line":136,"column":1}},"46":{"start":{"line":126,"column":2},"end":{"line":135,"column":4}},"47":{"start":{"line":128,"column":4},"end":{"line":134,"column":5}},"48":{"start":{"line":129,"column":19},"end":{"line":129,"column":41}},"49":{"start":{"line":130,"column":6},"end":{"line":130,"column":33}},"50":{"start":{"line":131,"column":6},"end":{"line":131,"column":60}},"51":{"start":{"line":133,"column":6},"end":{"line":133,"column":44}},"52":{"start":{"line":138,"column":36},"end":{"line":152,"column":1}},"53":{"start":{"line":139,"column":2},"end":{"line":151,"column":4}},"54":{"start":{"line":140,"column":4},"end":{"line":150,"column":5}},"55":{"start":{"line":141,"column":19},"end":{"line":141,"column":58}},"56":{"start":{"line":142,"column":6},"end":{"line":147,"column":7}},"57":{"start":{"line":143,"column":8},"end":{"line":143,"column":35}},"58":{"start":{"line":144,"column":8},"end":{"line":144,"column":51}},"59":{"start":{"line":146,"column":8},"end":{"line":146,"column":43}},"60":{"start":{"line":149,"column":6},"end":{"line":149,"column":46}}},"fnMap":{"0":{"name":"(anonymous_0)","decl":{"start":{"line":31,"column":16},"end":{"line":31,"column":17}},"loc":{"start":{"line":31,"column":26},"end":{"line":36,"column":1}},"line":31},"1":{"name":"(anonymous_1)","decl":{"start":{"line":38,"column":19},"end":{"line":38,"column":20}},"loc":{"start":{"line":38,"column":27},"end":{"line":43,"column":1}},"line":38},"2":{"name":"(anonymous_2)","decl":{"start":{"line":44,"column":23},"end":{"line":44,"column":24}},"loc":{"start":{"line":44,"column":29},"end":{"line":48,"column":1}},"line":44},"3":{"name":"(anonymous_3)","decl":{"start":{"line":50,"column":17},"end":{"line":50,"column":18}},"loc":{"start":{"line":50,"column":31},"end":{"line":55,"column":1}},"line":50},"4":{"name":"(anonymous_4)","decl":{"start":{"line":57,"column":19},"end":{"line":57,"column":20}},"loc":{"start":{"line":57,"column":33},"end":{"line":62,"column":1}},"line":57},"5":{"name":"(anonymous_5)","decl":{"start":{"line":64,"column":31},"end":{"line":64,"column":32}},"loc":{"start":{"line":64,"column":37},"end":{"line":76,"column":1}},"line":64},"6":{"name":"(anonymous_6)","decl":{"start":{"line":65,"column":9},"end":{"line":65,"column":10}},"loc":{"start":{"line":65,"column":29},"end":{"line":75,"column":3}},"line":65},"7":{"name":"(anonymous_7)","decl":{"start":{"line":78,"column":36},"end":{"line":78,"column":37}},"loc":{"start":{"line":78,"column":44},"end":{"line":89,"column":1}},"line":78},"8":{"name":"(anonymous_8)","decl":{"start":{"line":79,"column":9},"end":{"line":79,"column":10}},"loc":{"start":{"line":79,"column":29},"end":{"line":88,"column":3}},"line":79},"9":{"name":"(anonymous_9)","decl":{"start":{"line":91,"column":36},"end":{"line":91,"column":37}},"loc":{"start":{"line":91,"column":42},"end":{"line":101,"column":1}},"line":91},"10":{"name":"(anonymous_10)","decl":{"start":{"line":92,"column":9},"end":{"line":92,"column":10}},"loc":{"start":{"line":92,"column":29},"end":{"line":100,"column":3}},"line":92},"11":{"name":"(anonymous_11)","decl":{"start":{"line":103,"column":30},"end":{"line":103,"column":31}},"loc":{"start":{"line":103,"column":41},"end":{"line":123,"column":1}},"line":103},"12":{"name":"(anonymous_12)","decl":{"start":{"line":104,"column":9},"end":{"line":104,"column":10}},"loc":{"start":{"line":104,"column":29},"end":{"line":122,"column":3}},"line":104},"13":{"name":"(anonymous_13)","decl":{"start":{"line":125,"column":34},"end":{"line":125,"column":35}},"loc":{"start":{"line":125,"column":42},"end":{"line":136,"column":1}},"line":125},"14":{"name":"(anonymous_14)","decl":{"start":{"line":126,"column":9},"end":{"line":126,"column":10}},"loc":{"start":{"line":126,"column":29},"end":{"line":135,"column":3}},"line":126},"15":{"name":"(anonymous_15)","decl":{"start":{"line":138,"column":36},"end":{"line":138,"column":37}},"loc":{"start":{"line":138,"column":59},"end":{"line":152,"column":1}},"line":138},"16":{"name":"(anonymous_16)","decl":{"start":{"line":139,"column":9},"end":{"line":139,"column":10}},"loc":{"start":{"line":139,"column":29},"end":{"line":151,"column":3}},"line":139}},"branchMap":{"0":{"loc":{"start":{"line":105,"column":4},"end":{"line":107,"column":5}},"type":"if","locations":[{"start":{"line":105,"column":4},"end":{"line":107,"column":5}},{"start":{},"end":{}}],"line":105},"1":{"loc":{"start":{"line":111,"column":6},"end":{"line":117,"column":7}},"type":"if","locations":[{"start":{"line":111,"column":6},"end":{"line":117,"column":7}},{"start":{"line":115,"column":13},"end":{"line":117,"column":7}}],"line":111},"2":{"loc":{"start":{"line":142,"column":6},"end":{"line":147,"column":7}},"type":"if","locations":[{"start":{"line":142,"column":6},"end":{"line":147,"column":7}},{"start":{"line":145,"column":13},"end":{"line":147,"column":7}}],"line":142}},"s":{"0":2,"1":0,"2":2,"3":0,"4":2,"5":0,"6":2,"7":0,"8":2,"9":0,"10":2,"11":1,"12":1,"13":1,"14":1,"15":0,"16":0,"17":0,"18":2,"19":0,"20":0,"21":0,"22":0,"23":0,"24":0,"25":2,"26":0,"27":0,"28":0,"29":0,"30":0,"31":0,"32":2,"33":0,"34":0,"35":0,"36":0,"37":0,"38":0,"39":0,"40":0,"41":0,"42":0,"43":0,"44":0,"45":2,"46":0,"47":0,"48":0,"49":0,"50":0,"51":0,"52":2,"53":0,"54":0,"55":0,"56":0,"57":0,"58":0,"59":0,"60":0},"f":{"0":0,"1":0,"2":0,"3":0,"4":0,"5":1,"6":1,"7":0,"8":0,"9":0,"10":0,"11":0,"12":0,"13":0,"14":0,"15":0,"16":0},"b":{"0":[0,0],"1":[0,0],"2":[0,0]},"_coverageSchema":"1a1c01bbd47fc00a2c39e90264f33305004495a9","hash":"883723cf887a0c751faccf8dea696311a43df18a"}
,"/Users/harel/Desktop/Monday/Exercise/ex_8/monday-u-assignment/src/client/src/app/actions/items-view-actions.js": {"path":"/Users/harel/Desktop/Monday/Exercise/ex_8/monday-u-assignment/src/client/src/app/actions/items-view-actions.js","statementMap":{"0":{"start":{"line":3,"column":26},"end":{"line":5,"column":2}},"1":{"start":{"line":3,"column":33},"end":{"line":5,"column":1}},"2":{"start":{"line":7,"column":26},"end":{"line":9,"column":2}},"3":{"start":{"line":7,"column":33},"end":{"line":9,"column":1}},"4":{"start":{"line":11,"column":25},"end":{"line":13,"column":2}},"5":{"start":{"line":11,"column":32},"end":{"line":13,"column":1}},"6":{"start":{"line":15,"column":25},"end":{"line":17,"column":2}},"7":{"start":{"line":15,"column":32},"end":{"line":17,"column":1}},"8":{"start":{"line":19,"column":18},"end":{"line":22,"column":2}},"9":{"start":{"line":19,"column":31},"end":{"line":22,"column":1}},"10":{"start":{"line":24,"column":23},"end":{"line":27,"column":2}},"11":{"start":{"line":24,"column":38},"end":{"line":27,"column":1}},"12":{"start":{"line":29,"column":21},"end":{"line":32,"column":2}},"13":{"start":{"line":29,"column":37},"end":{"line":32,"column":1}},"14":{"start":{"line":34,"column":24},"end":{"line":37,"column":2}},"15":{"start":{"line":34,"column":36},"end":{"line":37,"column":1}},"16":{"start":{"line":39,"column":29},"end":{"line":41,"column":2}},"17":{"start":{"line":39,"column":36},"end":{"line":41,"column":1}},"18":{"start":{"line":42,"column":32},"end":{"line":44,"column":2}},"19":{"start":{"line":42,"column":39},"end":{"line":44,"column":1}},"20":{"start":{"line":46,"column":37},"end":{"line":48,"column":2}},"21":{"start":{"line":46,"column":44},"end":{"line":48,"column":1}},"22":{"start":{"line":50,"column":34},"end":{"line":52,"column":2}},"23":{"start":{"line":50,"column":41},"end":{"line":52,"column":1}},"24":{"start":{"line":54,"column":31},"end":{"line":56,"column":2}},"25":{"start":{"line":54,"column":38},"end":{"line":56,"column":1}},"26":{"start":{"line":58,"column":37},"end":{"line":60,"column":2}},"27":{"start":{"line":58,"column":44},"end":{"line":60,"column":1}},"28":{"start":{"line":61,"column":38},"end":{"line":63,"column":2}},"29":{"start":{"line":61,"column":45},"end":{"line":63,"column":1}},"30":{"start":{"line":64,"column":34},"end":{"line":66,"column":2}},"31":{"start":{"line":64,"column":41},"end":{"line":66,"column":1}},"32":{"start":{"line":67,"column":44},"end":{"line":70,"column":2}},"33":{"start":{"line":67,"column":60},"end":{"line":70,"column":1}},"34":{"start":{"line":71,"column":41},"end":{"line":73,"column":2}},"35":{"start":{"line":71,"column":48},"end":{"line":73,"column":1}},"36":{"start":{"line":75,"column":46},"end":{"line":77,"column":2}},"37":{"start":{"line":75,"column":53},"end":{"line":77,"column":1}},"38":{"start":{"line":78,"column":48},"end":{"line":80,"column":2}},"39":{"start":{"line":78,"column":55},"end":{"line":80,"column":1}},"40":{"start":{"line":81,"column":43},"end":{"line":83,"column":2}},"41":{"start":{"line":81,"column":50},"end":{"line":83,"column":1}},"42":{"start":{"line":84,"column":40},"end":{"line":86,"column":2}},"43":{"start":{"line":84,"column":47},"end":{"line":86,"column":1}},"44":{"start":{"line":87,"column":37},"end":{"line":89,"column":2}},"45":{"start":{"line":87,"column":44},"end":{"line":89,"column":1}},"46":{"start":{"line":90,"column":40},"end":{"line":92,"column":2}},"47":{"start":{"line":90,"column":47},"end":{"line":92,"column":1}},"48":{"start":{"line":93,"column":37},"end":{"line":95,"column":2}},"49":{"start":{"line":93,"column":44},"end":{"line":95,"column":1}},"50":{"start":{"line":97,"column":24},"end":{"line":105,"column":1}},"51":{"start":{"line":98,"column":2},"end":{"line":104,"column":4}},"52":{"start":{"line":107,"column":32},"end":{"line":109,"column":1}},"53":{"start":{"line":108,"column":2},"end":{"line":108,"column":46}},"54":{"start":{"line":108,"column":23},"end":{"line":108,"column":45}},"55":{"start":{"line":111,"column":32},"end":{"line":113,"column":1}},"56":{"start":{"line":112,"column":2},"end":{"line":112,"column":46}},"57":{"start":{"line":112,"column":23},"end":{"line":112,"column":45}},"58":{"start":{"line":115,"column":31},"end":{"line":117,"column":1}},"59":{"start":{"line":116,"column":2},"end":{"line":116,"column":45}},"60":{"start":{"line":116,"column":23},"end":{"line":116,"column":44}},"61":{"start":{"line":119,"column":31},"end":{"line":121,"column":1}},"62":{"start":{"line":120,"column":2},"end":{"line":120,"column":45}},"63":{"start":{"line":120,"column":23},"end":{"line":120,"column":44}},"64":{"start":{"line":123,"column":31},"end":{"line":125,"column":1}},"65":{"start":{"line":124,"column":2},"end":{"line":124,"column":51}},"66":{"start":{"line":124,"column":23},"end":{"line":124,"column":50}},"67":{"start":{"line":127,"column":29},"end":{"line":132,"column":1}},"68":{"start":{"line":128,"column":2},"end":{"line":131,"column":4}},"69":{"start":{"line":129,"column":24},"end":{"line":129,"column":56}},"70":{"start":{"line":130,"column":4},"end":{"line":130,"column":35}},"71":{"start":{"line":134,"column":36},"end":{"line":140,"column":1}},"72":{"start":{"line":135,"column":2},"end":{"line":139,"column":4}},"73":{"start":{"line":137,"column":6},"end":{"line":137,"column":69}},"74":{"start":{"line":138,"column":4},"end":{"line":138,"column":35}},"75":{"start":{"line":142,"column":34},"end":{"line":147,"column":1}},"76":{"start":{"line":143,"column":20},"end":{"line":143,"column":47}},"77":{"start":{"line":144,"column":2},"end":{"line":146,"column":4}},"78":{"start":{"line":145,"column":4},"end":{"line":145,"column":38}},"79":{"start":{"line":149,"column":30},"end":{"line":151,"column":1}},"80":{"start":{"line":150,"column":2},"end":{"line":150,"column":49}},"81":{"start":{"line":150,"column":23},"end":{"line":150,"column":48}}},"fnMap":{"0":{"name":"(anonymous_0)","decl":{"start":{"line":3,"column":26},"end":{"line":3,"column":27}},"loc":{"start":{"line":3,"column":33},"end":{"line":5,"column":1}},"line":3},"1":{"name":"(anonymous_1)","decl":{"start":{"line":7,"column":26},"end":{"line":7,"column":27}},"loc":{"start":{"line":7,"column":33},"end":{"line":9,"column":1}},"line":7},"2":{"name":"(anonymous_2)","decl":{"start":{"line":11,"column":25},"end":{"line":11,"column":26}},"loc":{"start":{"line":11,"column":32},"end":{"line":13,"column":1}},"line":11},"3":{"name":"(anonymous_3)","decl":{"start":{"line":15,"column":25},"end":{"line":15,"column":26}},"loc":{"start":{"line":15,"column":32},"end":{"line":17,"column":1}},"line":15},"4":{"name":"(anonymous_4)","decl":{"start":{"line":19,"column":18},"end":{"line":19,"column":19}},"loc":{"start":{"line":19,"column":31},"end":{"line":22,"column":1}},"line":19},"5":{"name":"(anonymous_5)","decl":{"start":{"line":24,"column":23},"end":{"line":24,"column":24}},"loc":{"start":{"line":24,"column":38},"end":{"line":27,"column":1}},"line":24},"6":{"name":"(anonymous_6)","decl":{"start":{"line":29,"column":21},"end":{"line":29,"column":22}},"loc":{"start":{"line":29,"column":37},"end":{"line":32,"column":1}},"line":29},"7":{"name":"(anonymous_7)","decl":{"start":{"line":34,"column":24},"end":{"line":34,"column":25}},"loc":{"start":{"line":34,"column":36},"end":{"line":37,"column":1}},"line":34},"8":{"name":"(anonymous_8)","decl":{"start":{"line":39,"column":29},"end":{"line":39,"column":30}},"loc":{"start":{"line":39,"column":36},"end":{"line":41,"column":1}},"line":39},"9":{"name":"(anonymous_9)","decl":{"start":{"line":42,"column":32},"end":{"line":42,"column":33}},"loc":{"start":{"line":42,"column":39},"end":{"line":44,"column":1}},"line":42},"10":{"name":"(anonymous_10)","decl":{"start":{"line":46,"column":37},"end":{"line":46,"column":38}},"loc":{"start":{"line":46,"column":44},"end":{"line":48,"column":1}},"line":46},"11":{"name":"(anonymous_11)","decl":{"start":{"line":50,"column":34},"end":{"line":50,"column":35}},"loc":{"start":{"line":50,"column":41},"end":{"line":52,"column":1}},"line":50},"12":{"name":"(anonymous_12)","decl":{"start":{"line":54,"column":31},"end":{"line":54,"column":32}},"loc":{"start":{"line":54,"column":38},"end":{"line":56,"column":1}},"line":54},"13":{"name":"(anonymous_13)","decl":{"start":{"line":58,"column":37},"end":{"line":58,"column":38}},"loc":{"start":{"line":58,"column":44},"end":{"line":60,"column":1}},"line":58},"14":{"name":"(anonymous_14)","decl":{"start":{"line":61,"column":38},"end":{"line":61,"column":39}},"loc":{"start":{"line":61,"column":45},"end":{"line":63,"column":1}},"line":61},"15":{"name":"(anonymous_15)","decl":{"start":{"line":64,"column":34},"end":{"line":64,"column":35}},"loc":{"start":{"line":64,"column":41},"end":{"line":66,"column":1}},"line":64},"16":{"name":"(anonymous_16)","decl":{"start":{"line":67,"column":44},"end":{"line":67,"column":45}},"loc":{"start":{"line":67,"column":60},"end":{"line":70,"column":1}},"line":67},"17":{"name":"(anonymous_17)","decl":{"start":{"line":71,"column":41},"end":{"line":71,"column":42}},"loc":{"start":{"line":71,"column":48},"end":{"line":73,"column":1}},"line":71},"18":{"name":"(anonymous_18)","decl":{"start":{"line":75,"column":46},"end":{"line":75,"column":47}},"loc":{"start":{"line":75,"column":53},"end":{"line":77,"column":1}},"line":75},"19":{"name":"(anonymous_19)","decl":{"start":{"line":78,"column":48},"end":{"line":78,"column":49}},"loc":{"start":{"line":78,"column":55},"end":{"line":80,"column":1}},"line":78},"20":{"name":"(anonymous_20)","decl":{"start":{"line":81,"column":43},"end":{"line":81,"column":44}},"loc":{"start":{"line":81,"column":50},"end":{"line":83,"column":1}},"line":81},"21":{"name":"(anonymous_21)","decl":{"start":{"line":84,"column":40},"end":{"line":84,"column":41}},"loc":{"start":{"line":84,"column":47},"end":{"line":86,"column":1}},"line":84},"22":{"name":"(anonymous_22)","decl":{"start":{"line":87,"column":37},"end":{"line":87,"column":38}},"loc":{"start":{"line":87,"column":44},"end":{"line":89,"column":1}},"line":87},"23":{"name":"(anonymous_23)","decl":{"start":{"line":90,"column":40},"end":{"line":90,"column":41}},"loc":{"start":{"line":90,"column":47},"end":{"line":92,"column":1}},"line":90},"24":{"name":"(anonymous_24)","decl":{"start":{"line":93,"column":37},"end":{"line":93,"column":38}},"loc":{"start":{"line":93,"column":44},"end":{"line":95,"column":1}},"line":93},"25":{"name":"(anonymous_25)","decl":{"start":{"line":97,"column":24},"end":{"line":97,"column":25}},"loc":{"start":{"line":97,"column":48},"end":{"line":105,"column":1}},"line":97},"26":{"name":"(anonymous_26)","decl":{"start":{"line":107,"column":32},"end":{"line":107,"column":33}},"loc":{"start":{"line":107,"column":38},"end":{"line":109,"column":1}},"line":107},"27":{"name":"(anonymous_27)","decl":{"start":{"line":108,"column":9},"end":{"line":108,"column":10}},"loc":{"start":{"line":108,"column":23},"end":{"line":108,"column":45}},"line":108},"28":{"name":"(anonymous_28)","decl":{"start":{"line":111,"column":32},"end":{"line":111,"column":33}},"loc":{"start":{"line":111,"column":38},"end":{"line":113,"column":1}},"line":111},"29":{"name":"(anonymous_29)","decl":{"start":{"line":112,"column":9},"end":{"line":112,"column":10}},"loc":{"start":{"line":112,"column":23},"end":{"line":112,"column":45}},"line":112},"30":{"name":"(anonymous_30)","decl":{"start":{"line":115,"column":31},"end":{"line":115,"column":32}},"loc":{"start":{"line":115,"column":37},"end":{"line":117,"column":1}},"line":115},"31":{"name":"(anonymous_31)","decl":{"start":{"line":116,"column":9},"end":{"line":116,"column":10}},"loc":{"start":{"line":116,"column":23},"end":{"line":116,"column":44}},"line":116},"32":{"name":"(anonymous_32)","decl":{"start":{"line":119,"column":31},"end":{"line":119,"column":32}},"loc":{"start":{"line":119,"column":37},"end":{"line":121,"column":1}},"line":119},"33":{"name":"(anonymous_33)","decl":{"start":{"line":120,"column":9},"end":{"line":120,"column":10}},"loc":{"start":{"line":120,"column":23},"end":{"line":120,"column":44}},"line":120},"34":{"name":"(anonymous_34)","decl":{"start":{"line":123,"column":31},"end":{"line":123,"column":32}},"loc":{"start":{"line":123,"column":43},"end":{"line":125,"column":1}},"line":123},"35":{"name":"(anonymous_35)","decl":{"start":{"line":124,"column":9},"end":{"line":124,"column":10}},"loc":{"start":{"line":124,"column":23},"end":{"line":124,"column":50}},"line":124},"36":{"name":"(anonymous_36)","decl":{"start":{"line":127,"column":29},"end":{"line":127,"column":30}},"loc":{"start":{"line":127,"column":44},"end":{"line":132,"column":1}},"line":127},"37":{"name":"(anonymous_37)","decl":{"start":{"line":128,"column":9},"end":{"line":128,"column":10}},"loc":{"start":{"line":128,"column":23},"end":{"line":131,"column":3}},"line":128},"38":{"name":"(anonymous_38)","decl":{"start":{"line":134,"column":36},"end":{"line":134,"column":37}},"loc":{"start":{"line":134,"column":57},"end":{"line":140,"column":1}},"line":134},"39":{"name":"(anonymous_39)","decl":{"start":{"line":135,"column":9},"end":{"line":135,"column":10}},"loc":{"start":{"line":135,"column":23},"end":{"line":139,"column":3}},"line":135},"40":{"name":"(anonymous_40)","decl":{"start":{"line":142,"column":34},"end":{"line":142,"column":35}},"loc":{"start":{"line":142,"column":45},"end":{"line":147,"column":1}},"line":142},"41":{"name":"(anonymous_41)","decl":{"start":{"line":144,"column":9},"end":{"line":144,"column":10}},"loc":{"start":{"line":144,"column":23},"end":{"line":146,"column":3}},"line":144},"42":{"name":"(anonymous_42)","decl":{"start":{"line":149,"column":30},"end":{"line":149,"column":31}},"loc":{"start":{"line":149,"column":41},"end":{"line":151,"column":1}},"line":149},"43":{"name":"(anonymous_43)","decl":{"start":{"line":150,"column":9},"end":{"line":150,"column":10}},"loc":{"start":{"line":150,"column":23},"end":{"line":150,"column":48}},"line":150}},"branchMap":{"0":{"loc":{"start":{"line":129,"column":24},"end":{"line":129,"column":56}},"type":"cond-expr","locations":[{"start":{"line":129,"column":36},"end":{"line":129,"column":49}},{"start":{"line":129,"column":52},"end":{"line":129,"column":56}}],"line":129},"1":{"loc":{"start":{"line":137,"column":6},"end":{"line":137,"column":69}},"type":"cond-expr","locations":[{"start":{"line":137,"column":41},"end":{"line":137,"column":54}},{"start":{"line":137,"column":57},"end":{"line":137,"column":69}}],"line":137},"2":{"loc":{"start":{"line":143,"column":20},"end":{"line":143,"column":47}},"type":"cond-expr","locations":[{"start":{"line":143,"column":35},"end":{"line":143,"column":39}},{"start":{"line":143,"column":42},"end":{"line":143,"column":47}}],"line":143}},"s":{"0":2,"1":0,"2":2,"3":0,"4":2,"5":0,"6":2,"7":0,"8":2,"9":0,"10":2,"11":0,"12":2,"13":0,"14":2,"15":0,"16":2,"17":0,"18":2,"19":1,"20":2,"21":0,"22":2,"23":0,"24":2,"25":0,"26":2,"27":0,"28":2,"29":0,"30":2,"31":0,"32":2,"33":0,"34":2,"35":0,"36":2,"37":0,"38":2,"39":0,"40":2,"41":0,"42":2,"43":0,"44":2,"45":0,"46":2,"47":0,"48":2,"49":0,"50":2,"51":0,"52":2,"53":0,"54":0,"55":2,"56":0,"57":0,"58":2,"59":0,"60":0,"61":2,"62":0,"63":0,"64":2,"65":0,"66":0,"67":2,"68":0,"69":0,"70":0,"71":2,"72":0,"73":0,"74":0,"75":2,"76":0,"77":0,"78":0,"79":2,"80":0,"81":0},"f":{"0":0,"1":0,"2":0,"3":0,"4":0,"5":0,"6":0,"7":0,"8":0,"9":1,"10":0,"11":0,"12":0,"13":0,"14":0,"15":0,"16":0,"17":0,"18":0,"19":0,"20":0,"21":0,"22":0,"23":0,"24":0,"25":0,"26":0,"27":0,"28":0,"29":0,"30":0,"31":0,"32":0,"33":0,"34":0,"35":0,"36":0,"37":0,"38":0,"39":0,"40":0,"41":0,"42":0,"43":0},"b":{"0":[0,0],"1":[0,0],"2":[0,0]},"_coverageSchema":"1a1c01bbd47fc00a2c39e90264f33305004495a9","hash":"e374f033549a342ba1f128c31148e084b56fdcb1"}
,"/Users/harel/Desktop/Monday/Exercise/ex_8/monday-u-assignment/src/client/src/app/actions/constants/Filter.js": {"path":"/Users/harel/Desktop/Monday/Exercise/ex_8/monday-u-assignment/src/client/src/app/actions/constants/Filter.js","statementMap":{"0":{"start":{"line":1,"column":15},"end":{"line":4,"column":1}}},"fnMap":{},"branchMap":{},"s":{"0":1},"f":{},"b":{},"_coverageSchema":"1a1c01bbd47fc00a2c39e90264f33305004495a9","hash":"6354b92bf8d554d5bd3765e8e4c9f9a8f0335e41"}
,"/Users/harel/Desktop/Monday/Exercise/ex_8/monday-u-assignment/src/client/src/app/actions/constants/Message.js": {"path":"/Users/harel/Desktop/Monday/Exercise/ex_8/monday-u-assignment/src/client/src/app/actions/constants/Message.js","statementMap":{"0":{"start":{"line":1,"column":16},"end":{"line":18,"column":1}}},"fnMap":{},"branchMap":{},"s":{"0":2},"f":{},"b":{},"_coverageSchema":"1a1c01bbd47fc00a2c39e90264f33305004495a9","hash":"b851b23af397334f14c47b3d4a5b43ebfd3c3340"}
,"/Users/harel/Desktop/Monday/Exercise/ex_8/monday-u-assignment/src/client/src/app/actions/constants/Results.js": {"path":"/Users/harel/Desktop/Monday/Exercise/ex_8/monday-u-assignment/src/client/src/app/actions/constants/Results.js","statementMap":{"0":{"start":{"line":1,"column":16},"end":{"line":6,"column":1}}},"fnMap":{},"branchMap":{},"s":{"0":0},"f":{},"b":{}}
,"/Users/harel/Desktop/Monday/Exercise/ex_8/monday-u-assignment/src/client/src/app/actions/constants/SortType.js": {"path":"/Users/harel/Desktop/Monday/Exercise/ex_8/monday-u-assignment/src/client/src/app/actions/constants/SortType.js","statementMap":{"0":{"start":{"line":1,"column":18},"end":{"line":4,"column":1}}},"fnMap":{},"branchMap":{},"s":{"0":2},"f":{},"b":{},"_coverageSchema":"1a1c01bbd47fc00a2c39e90264f33305004495a9","hash":"3f7ebd27853a312a5173a32d7060763fa96c5de8"}
,"/Users/harel/Desktop/Monday/Exercise/ex_8/monday-u-assignment/src/client/src/app/actions/constants/Toast.js": {"path":"/Users/harel/Desktop/Monday/Exercise/ex_8/monday-u-assignment/src/client/src/app/actions/constants/Toast.js","statementMap":{"0":{"start":{"line":1,"column":14},"end":{"line":5,"column":1}}},"fnMap":{},"branchMap":{},"s":{"0":2},"f":{},"b":{},"_coverageSchema":"1a1c01bbd47fc00a2c39e90264f33305004495a9","hash":"72482374d9ad95a574e49c307cdb4d17e714f373"}
,"/Users/harel/Desktop/Monday/Exercise/ex_8/monday-u-assignment/src/client/src/app/actions/constants/index.js": {"path":"/Users/harel/Desktop/Monday/Exercise/ex_8/monday-u-assignment/src/client/src/app/actions/constants/index.js","statementMap":{"0":{"start":{"line":1,"column":16},"end":{"line":36,"column":1}}},"fnMap":{},"branchMap":{},"s":{"0":3},"f":{},"b":{},"_coverageSchema":"1a1c01bbd47fc00a2c39e90264f33305004495a9","hash":"f007712e6045573e3e7f9c98e8883afd8f2e5ef5"}
,"/Users/harel/Desktop/Monday/Exercise/ex_8/monday-u-assignment/src/client/src/app/reducers/index.js": {"path":"/Users/harel/Desktop/Monday/Exercise/ex_8/monday-u-assignment/src/client/src/app/reducers/index.js","statementMap":{"0":{"start":{"line":5,"column":20},"end":{"line":8,"column":2}}},"fnMap":{},"branchMap":{},"s":{"0":2},"f":{},"b":{},"_coverageSchema":"1a1c01bbd47fc00a2c39e90264f33305004495a9","hash":"5dddcbec7d34c12ae85c0fba9f151c2f524d194d"}
,"/Users/harel/Desktop/Monday/Exercise/ex_8/monday-u-assignment/src/client/src/app/reducers/items-entities-reducer.js": {"path":"/Users/harel/Desktop/Monday/Exercise/ex_8/monday-u-assignment/src/client/src/app/reducers/items-entities-reducer.js","statementMap":{"0":{"start":{"line":3,"column":21},"end":{"line":5,"column":1}},"1":{"start":{"line":7,"column":29},"end":{"line":51,"column":1}},"2":{"start":{"line":8,"column":2},"end":{"line":50,"column":3}},"3":{"start":{"line":10,"column":24},"end":{"line":10,"column":26}},"4":{"start":{"line":11,"column":6},"end":{"line":11,"column":65}},"5":{"start":{"line":11,"column":37},"end":{"line":11,"column":62}},"6":{"start":{"line":12,"column":6},"end":{"line":14,"column":8}},"7":{"start":{"line":17,"column":17},"end":{"line":17,"column":26}},"8":{"start":{"line":18,"column":23},"end":{"line":18,"column":41}},"9":{"start":{"line":19,"column":6},"end":{"line":19,"column":26}},"10":{"start":{"line":20,"column":6},"end":{"line":22,"column":8}},"11":{"start":{"line":25,"column":6},"end":{"line":28,"column":8}},"12":{"start":{"line":31,"column":23},"end":{"line":31,"column":41}},"13":{"start":{"line":32,"column":6},"end":{"line":32,"column":68}},"14":{"start":{"line":32,"column":41},"end":{"line":32,"column":65}},"15":{"start":{"line":33,"column":6},"end":{"line":35,"column":8}},"16":{"start":{"line":38,"column":38},"end":{"line":38,"column":53}},"17":{"start":{"line":40,"column":23},"end":{"line":40,"column":41}},"18":{"start":{"line":41,"column":6},"end":{"line":41,"column":55}},"19":{"start":{"line":42,"column":6},"end":{"line":42,"column":37}},"20":{"start":{"line":43,"column":6},"end":{"line":43,"column":63}},"21":{"start":{"line":44,"column":6},"end":{"line":46,"column":8}},"22":{"start":{"line":49,"column":6},"end":{"line":49,"column":19}}},"fnMap":{"0":{"name":"(anonymous_0)","decl":{"start":{"line":7,"column":29},"end":{"line":7,"column":30}},"loc":{"start":{"line":7,"column":63},"end":{"line":51,"column":1}},"line":7},"1":{"name":"(anonymous_1)","decl":{"start":{"line":11,"column":26},"end":{"line":11,"column":27}},"loc":{"start":{"line":11,"column":37},"end":{"line":11,"column":62}},"line":11},"2":{"name":"(anonymous_2)","decl":{"start":{"line":32,"column":30},"end":{"line":32,"column":31}},"loc":{"start":{"line":32,"column":41},"end":{"line":32,"column":65}},"line":32}},"branchMap":{"0":{"loc":{"start":{"line":7,"column":30},"end":{"line":7,"column":50}},"type":"default-arg","locations":[{"start":{"line":7,"column":38},"end":{"line":7,"column":50}}],"line":7},"1":{"loc":{"start":{"line":8,"column":2},"end":{"line":50,"column":3}},"type":"switch","locations":[{"start":{"line":9,"column":4},"end":{"line":15,"column":5}},{"start":{"line":16,"column":4},"end":{"line":23,"column":5}},{"start":{"line":24,"column":4},"end":{"line":29,"column":5}},{"start":{"line":30,"column":4},"end":{"line":36,"column":5}},{"start":{"line":37,"column":4},"end":{"line":47,"column":5}},{"start":{"line":48,"column":4},"end":{"line":49,"column":19}}],"line":8}},"s":{"0":3,"1":3,"2":13,"3":1,"4":1,"5":3,"6":1,"7":1,"8":1,"9":1,"10":1,"11":0,"12":1,"13":1,"14":1,"15":1,"16":1,"17":1,"18":1,"19":1,"20":1,"21":1,"22":9},"f":{"0":13,"1":3,"2":1},"b":{"0":[6],"1":[1,1,0,1,1,9]},"_coverageSchema":"1a1c01bbd47fc00a2c39e90264f33305004495a9","hash":"22368c24f74ebde26804bcf998d5634a83cfb9cf"}
,"/Users/harel/Desktop/Monday/Exercise/ex_8/monday-u-assignment/src/client/src/app/reducers/items-view-reducer.js": {"path":"/Users/harel/Desktop/Monday/Exercise/ex_8/monday-u-assignment/src/client/src/app/reducers/items-view-reducer.js","statementMap":{"0":{"start":{"line":4,"column":21},"end":{"line":12,"column":1}},"1":{"start":{"line":14,"column":25},"end":{"line":184,"column":1}},"2":{"start":{"line":15,"column":2},"end":{"line":183,"column":3}},"3":{"start":{"line":17,"column":6},"end":{"line":20,"column":8}},"4":{"start":{"line":23,"column":6},"end":{"line":31,"column":8}},"5":{"start":{"line":34,"column":6},"end":{"line":42,"column":8}},"6":{"start":{"line":46,"column":6},"end":{"line":49,"column":8}},"7":{"start":{"line":52,"column":6},"end":{"line":60,"column":8}},"8":{"start":{"line":63,"column":6},"end":{"line":71,"column":8}},"9":{"start":{"line":75,"column":6},"end":{"line":83,"column":8}},"10":{"start":{"line":86,"column":6},"end":{"line":95,"column":8}},"11":{"start":{"line":99,"column":6},"end":{"line":106,"column":8}},"12":{"start":{"line":110,"column":6},"end":{"line":117,"column":8}},"13":{"start":{"line":120,"column":6},"end":{"line":127,"column":8}},"14":{"start":{"line":130,"column":6},"end":{"line":137,"column":8}},"15":{"start":{"line":141,"column":6},"end":{"line":144,"column":8}},"16":{"start":{"line":147,"column":6},"end":{"line":150,"column":8}},"17":{"start":{"line":153,"column":6},"end":{"line":156,"column":8}},"18":{"start":{"line":159,"column":6},"end":{"line":162,"column":8}},"19":{"start":{"line":165,"column":6},"end":{"line":168,"column":8}},"20":{"start":{"line":171,"column":6},"end":{"line":178,"column":8}},"21":{"start":{"line":182,"column":6},"end":{"line":182,"column":19}}},"fnMap":{"0":{"name":"(anonymous_0)","decl":{"start":{"line":14,"column":25},"end":{"line":14,"column":26}},"loc":{"start":{"line":14,"column":59},"end":{"line":184,"column":1}},"line":14}},"branchMap":{"0":{"loc":{"start":{"line":14,"column":26},"end":{"line":14,"column":46}},"type":"default-arg","locations":[{"start":{"line":14,"column":34},"end":{"line":14,"column":46}}],"line":14},"1":{"loc":{"start":{"line":15,"column":2},"end":{"line":183,"column":3}},"type":"switch","locations":[{"start":{"line":16,"column":4},"end":{"line":21,"column":5}},{"start":{"line":22,"column":4},"end":{"line":32,"column":5}},{"start":{"line":33,"column":4},"end":{"line":43,"column":5}},{"start":{"line":45,"column":4},"end":{"line":50,"column":5}},{"start":{"line":51,"column":4},"end":{"line":61,"column":5}},{"start":{"line":62,"column":4},"end":{"line":72,"column":5}},{"start":{"line":74,"column":4},"end":{"line":84,"column":5}},{"start":{"line":85,"column":4},"end":{"line":96,"column":5}},{"start":{"line":98,"column":4},"end":{"line":107,"column":5}},{"start":{"line":109,"column":4},"end":{"line":118,"column":5}},{"start":{"line":119,"column":4},"end":{"line":128,"column":5}},{"start":{"line":129,"column":4},"end":{"line":138,"column":5}},{"start":{"line":140,"column":4},"end":{"line":145,"column":5}},{"start":{"line":146,"column":4},"end":{"line":151,"column":5}},{"start":{"line":152,"column":4},"end":{"line":157,"column":5}},{"start":{"line":158,"column":4},"end":{"line":163,"column":5}},{"start":{"line":164,"column":4},"end":{"line":169,"column":5}},{"start":{"line":170,"column":4},"end":{"line":179,"column":5}},{"start":{"line":181,"column":4},"end":{"line":182,"column":19}}],"line":15},"2":{"loc":{"start":{"line":91,"column":19},"end":{"line":93,"column":55}},"type":"cond-expr","locations":[{"start":{"line":92,"column":14},"end":{"line":92,"column":53}},{"start":{"line":93,"column":14},"end":{"line":93,"column":55}}],"line":91}},"s":{"0":2,"1":2,"2":7,"3":1,"4":0,"5":0,"6":0,"7":0,"8":0,"9":0,"10":0,"11":0,"12":0,"13":0,"14":0,"15":0,"16":0,"17":0,"18":0,"19":0,"20":0,"21":6},"f":{"0":7},"b":{"0":[6],"1":[1,0,0,0,0,0,0,0,0,0,0,0,0,0,0,0,0,0,6],"2":[0,0]},"_coverageSchema":"1a1c01bbd47fc00a2c39e90264f33305004495a9","hash":"71d3a3244d728e6780bd0053aa1aeac7adfa5816"}
,"/Users/harel/Desktop/Monday/Exercise/ex_8/monday-u-assignment/src/client/src/app/selectors/items-entities-selectors.js": {"path":"/Users/harel/Desktop/Monday/Exercise/ex_8/monday-u-assignment/src/client/src/app/selectors/items-entities-selectors.js","statementMap":{"0":{"start":{"line":1,"column":25},"end":{"line":1,"column":55}},"1":{"start":{"line":1,"column":36},"end":{"line":1,"column":55}},"2":{"start":{"line":3,"column":27},"end":{"line":3,"column":67}},"3":{"start":{"line":3,"column":38},"end":{"line":3,"column":67}}},"fnMap":{"0":{"name":"(anonymous_0)","decl":{"start":{"line":1,"column":25},"end":{"line":1,"column":26}},"loc":{"start":{"line":1,"column":36},"end":{"line":1,"column":55}},"line":1},"1":{"name":"(anonymous_1)","decl":{"start":{"line":3,"column":27},"end":{"line":3,"column":28}},"loc":{"start":{"line":3,"column":38},"end":{"line":3,"column":67}},"line":3}},"branchMap":{},"s":{"0":1,"1":4,"2":1,"3":4},"f":{"0":4,"1":4},"b":{},"_coverageSchema":"1a1c01bbd47fc00a2c39e90264f33305004495a9","hash":"6cdcc37ee552fef3134d6ffa6cb606848e366069"}
,"/Users/harel/Desktop/Monday/Exercise/ex_8/monday-u-assignment/src/client/src/app/selectors/items-view-selectors.js": {"path":"/Users/harel/Desktop/Monday/Exercise/ex_8/monday-u-assignment/src/client/src/app/selectors/items-view-selectors.js","statementMap":{"0":{"start":{"line":5,"column":21},"end":{"line":5,"column":47}},"1":{"start":{"line":5,"column":32},"end":{"line":5,"column":47}},"2":{"start":{"line":7,"column":29},"end":{"line":7,"column":70}},"3":{"start":{"line":7,"column":40},"end":{"line":7,"column":70}},"4":{"start":{"line":8,"column":28},"end":{"line":8,"column":68}},"5":{"start":{"line":8,"column":39},"end":{"line":8,"column":68}},"6":{"start":{"line":9,"column":29},"end":{"line":9,"column":70}},"7":{"start":{"line":9,"column":40},"end":{"line":9,"column":70}},"8":{"start":{"line":10,"column":30},"end":{"line":10,"column":72}},"9":{"start":{"line":10,"column":41},"end":{"line":10,"column":72}},"10":{"start":{"line":11,"column":27},"end":{"line":11,"column":66}},"11":{"start":{"line":11,"column":38},"end":{"line":11,"column":66}},"12":{"start":{"line":12,"column":28},"end":{"line":12,"column":68}},"13":{"start":{"line":12,"column":39},"end":{"line":12,"column":68}},"14":{"start":{"line":13,"column":29},"end":{"line":13,"column":70}},"15":{"start":{"line":13,"column":40},"end":{"line":13,"column":70}},"16":{"start":{"line":15,"column":24},"end":{"line":23,"column":1}},"17":{"start":{"line":16,"column":2},"end":{"line":18,"column":3}},"18":{"start":{"line":17,"column":4},"end":{"line":17,"column":14}},"19":{"start":{"line":19,"column":2},"end":{"line":21,"column":3}},"20":{"start":{"line":20,"column":4},"end":{"line":20,"column":13}},"21":{"start":{"line":22,"column":2},"end":{"line":22,"column":11}},"22":{"start":{"line":25,"column":32},"end":{"line":64,"column":1}},"23":{"start":{"line":28,"column":24},"end":{"line":28,"column":73}},"24":{"start":{"line":28,"column":59},"end":{"line":28,"column":72}},"25":{"start":{"line":29,"column":4},"end":{"line":41,"column":5}},"26":{"start":{"line":31,"column":8},"end":{"line":31,"column":68}},"27":{"start":{"line":31,"column":55},"end":{"line":31,"column":66}},"28":{"start":{"line":32,"column":8},"end":{"line":32,"column":14}},"29":{"start":{"line":35,"column":8},"end":{"line":35,"column":69}},"30":{"start":{"line":35,"column":55},"end":{"line":35,"column":67}},"31":{"start":{"line":36,"column":8},"end":{"line":36,"column":14}},"32":{"start":{"line":39,"column":8},"end":{"line":39,"column":14}},"33":{"start":{"line":43,"column":4},"end":{"line":55,"column":5}},"34":{"start":{"line":45,"column":8},"end":{"line":45,"column":44}},"35":{"start":{"line":46,"column":8},"end":{"line":46,"column":14}},"36":{"start":{"line":49,"column":8},"end":{"line":49,"column":54}},"37":{"start":{"line":50,"column":8},"end":{"line":50,"column":14}},"38":{"start":{"line":53,"column":8},"end":{"line":53,"column":14}},"39":{"start":{"line":56,"column":4},"end":{"line":60,"column":5}},"40":{"start":{"line":57,"column":6},"end":{"line":59,"column":8}},"41":{"start":{"line":58,"column":8},"end":{"line":58,"column":55}},"42":{"start":{"line":62,"column":4},"end":{"line":62,"column":25}},"43":{"start":{"line":66,"column":34},"end":{"line":69,"column":1}},"44":{"start":{"line":68,"column":21},"end":{"line":68,"column":41}},"45":{"start":{"line":71,"column":33},"end":{"line":73,"column":2}},"46":{"start":{"line":72,"column":2},"end":{"line":72,"column":38}}},"fnMap":{"0":{"name":"(anonymous_0)","decl":{"start":{"line":5,"column":21},"end":{"line":5,"column":22}},"loc":{"start":{"line":5,"column":32},"end":{"line":5,"column":47}},"line":5},"1":{"name":"(anonymous_1)","decl":{"start":{"line":7,"column":29},"end":{"line":7,"column":30}},"loc":{"start":{"line":7,"column":40},"end":{"line":7,"column":70}},"line":7},"2":{"name":"(anonymous_2)","decl":{"start":{"line":8,"column":28},"end":{"line":8,"column":29}},"loc":{"start":{"line":8,"column":39},"end":{"line":8,"column":68}},"line":8},"3":{"name":"(anonymous_3)","decl":{"start":{"line":9,"column":29},"end":{"line":9,"column":30}},"loc":{"start":{"line":9,"column":40},"end":{"line":9,"column":70}},"line":9},"4":{"name":"(anonymous_4)","decl":{"start":{"line":10,"column":30},"end":{"line":10,"column":31}},"loc":{"start":{"line":10,"column":41},"end":{"line":10,"column":72}},"line":10},"5":{"name":"(anonymous_5)","decl":{"start":{"line":11,"column":27},"end":{"line":11,"column":28}},"loc":{"start":{"line":11,"column":38},"end":{"line":11,"column":66}},"line":11},"6":{"name":"(anonymous_6)","decl":{"start":{"line":12,"column":28},"end":{"line":12,"column":29}},"loc":{"start":{"line":12,"column":39},"end":{"line":12,"column":68}},"line":12},"7":{"name":"(anonymous_7)","decl":{"start":{"line":13,"column":29},"end":{"line":13,"column":30}},"loc":{"start":{"line":13,"column":40},"end":{"line":13,"column":70}},"line":13},"8":{"name":"(anonymous_8)","decl":{"start":{"line":15,"column":24},"end":{"line":15,"column":25}},"loc":{"start":{"line":15,"column":34},"end":{"line":23,"column":1}},"line":15},"9":{"name":"(anonymous_9)","decl":{"start":{"line":27,"column":2},"end":{"line":27,"column":3}},"loc":{"start":{"line":27,"column":41},"end":{"line":63,"column":3}},"line":27},"10":{"name":"(anonymous_10)","decl":{"start":{"line":28,"column":50},"end":{"line":28,"column":51}},"loc":{"start":{"line":28,"column":59},"end":{"line":28,"column":72}},"line":28},"11":{"name":"(anonymous_11)","decl":{"start":{"line":31,"column":45},"end":{"line":31,"column":46}},"loc":{"start":{"line":31,"column":55},"end":{"line":31,"column":66}},"line":31},"12":{"name":"(anonymous_12)","decl":{"start":{"line":35,"column":45},"end":{"line":35,"column":46}},"loc":{"start":{"line":35,"column":55},"end":{"line":35,"column":67}},"line":35},"13":{"name":"(anonymous_13)","decl":{"start":{"line":57,"column":43},"end":{"line":57,"column":44}},"loc":{"start":{"line":58,"column":8},"end":{"line":58,"column":55}},"line":58},"14":{"name":"(anonymous_14)","decl":{"start":{"line":68,"column":2},"end":{"line":68,"column":3}},"loc":{"start":{"line":68,"column":21},"end":{"line":68,"column":41}},"line":68},"15":{"name":"(anonymous_15)","decl":{"start":{"line":71,"column":63},"end":{"line":71,"column":64}},"loc":{"start":{"line":71,"column":77},"end":{"line":73,"column":1}},"line":71}},"branchMap":{"0":{"loc":{"start":{"line":16,"column":2},"end":{"line":18,"column":3}},"type":"if","locations":[{"start":{"line":16,"column":2},"end":{"line":18,"column":3}},{"start":{},"end":{}}],"line":16},"1":{"loc":{"start":{"line":19,"column":2},"end":{"line":21,"column":3}},"type":"if","locations":[{"start":{"line":19,"column":2},"end":{"line":21,"column":3}},{"start":{},"end":{}}],"line":19},"2":{"loc":{"start":{"line":29,"column":4},"end":{"line":41,"column":5}},"type":"switch","locations":[{"start":{"line":30,"column":6},"end":{"line":33,"column":7}},{"start":{"line":34,"column":6},"end":{"line":37,"column":7}},{"start":{"line":38,"column":6},"end":{"line":40,"column":7}}],"line":29},"3":{"loc":{"start":{"line":43,"column":4},"end":{"line":55,"column":5}},"type":"switch","locations":[{"start":{"line":44,"column":6},"end":{"line":47,"column":7}},{"start":{"line":48,"column":6},"end":{"line":51,"column":7}},{"start":{"line":52,"column":6},"end":{"line":54,"column":7}}],"line":43},"4":{"loc":{"start":{"line":56,"column":4},"end":{"line":60,"column":5}},"type":"if","locations":[{"start":{"line":56,"column":4},"end":{"line":60,"column":5}},{"start":{},"end":{}}],"line":56}},"s":{"0":1,"1":18,"2":1,"3":2,"4":1,"5":2,"6":1,"7":2,"8":1,"9":4,"10":1,"11":4,"12":1,"13":2,"14":1,"15":2,"16":1,"17":0,"18":0,"19":0,"20":0,"21":0,"22":1,"23":1,"24":0,"25":1,"26":0,"27":0,"28":0,"29":0,"30":0,"31":0,"32":1,"33":1,"34":0,"35":0,"36":0,"37":0,"38":1,"39":1,"40":0,"41":0,"42":1,"43":1,"44":1,"45":1,"46":1},"f":{"0":18,"1":2,"2":2,"3":2,"4":4,"5":4,"6":2,"7":2,"8":0,"9":1,"10":0,"11":0,"12":0,"13":0,"14":1,"15":1},"b":{"0":[0,0],"1":[0,0],"2":[0,0,1],"3":[0,0,1],"4":[0,1]},"_coverageSchema":"1a1c01bbd47fc00a2c39e90264f33305004495a9","hash":"33b8c771c19c0dd000fda0e6d5c2c663f1474fd3"}
,"/Users/harel/Desktop/Monday/Exercise/ex_8/monday-u-assignment/src/client/src/app/services/itemClient.js": {"path":"/Users/harel/Desktop/Monday/Exercise/ex_8/monday-u-assignment/src/client/src/app/services/itemClient.js","statementMap":{"0":{"start":{"line":1,"column":14},"end":{"line":1,"column":30}},"1":{"start":{"line":2,"column":12},"end":{"line":2,"column":36}},"2":{"start":{"line":4,"column":27},"end":{"line":7,"column":1}},"3":{"start":{"line":5,"column":19},"end":{"line":5,"column":49}},"4":{"start":{"line":6,"column":2},"end":{"line":6,"column":23}},"5":{"start":{"line":9,"column":29},"end":{"line":16,"column":1}},"6":{"start":{"line":10,"column":18},"end":{"line":12,"column":3}},"7":{"start":{"line":14,"column":19},"end":{"line":14,"column":58}},"8":{"start":{"line":15,"column":2},"end":{"line":15,"column":23}},"9":{"start":{"line":18,"column":30},"end":{"line":23,"column":1}},"10":{"start":{"line":19,"column":24},"end":{"line":19,"column":42}},"11":{"start":{"line":21,"column":19},"end":{"line":21,"column":52}},"12":{"start":{"line":22,"column":2},"end":{"line":22,"column":23}},"13":{"start":{"line":25,"column":29},"end":{"line":29,"column":1}},"14":{"start":{"line":26,"column":23},"end":{"line":26,"column":36}},"15":{"start":{"line":28,"column":2},"end":{"line":28,"column":35}},"16":{"start":{"line":31,"column":28},"end":{"line":35,"column":1}},"17":{"start":{"line":32,"column":26},"end":{"line":32,"column":51}},"18":{"start":{"line":33,"column":19},"end":{"line":33,"column":53}},"19":{"start":{"line":34,"column":2},"end":{"line":34,"column":23}},"20":{"start":{"line":37,"column":30},"end":{"line":41,"column":1}},"21":{"start":{"line":38,"column":28},"end":{"line":38,"column":59}},"22":{"start":{"line":39,"column":19},"end":{"line":39,"column":55}},"23":{"start":{"line":40,"column":2},"end":{"line":40,"column":23}}},"fnMap":{"0":{"name":"(anonymous_0)","decl":{"start":{"line":4,"column":27},"end":{"line":4,"column":28}},"loc":{"start":{"line":4,"column":39},"end":{"line":7,"column":1}},"line":4},"1":{"name":"(anonymous_1)","decl":{"start":{"line":9,"column":29},"end":{"line":9,"column":30}},"loc":{"start":{"line":9,"column":50},"end":{"line":16,"column":1}},"line":9},"2":{"name":"(anonymous_2)","decl":{"start":{"line":18,"column":30},"end":{"line":18,"column":31}},"loc":{"start":{"line":18,"column":44},"end":{"line":23,"column":1}},"line":18},"3":{"name":"(anonymous_3)","decl":{"start":{"line":25,"column":29},"end":{"line":25,"column":30}},"loc":{"start":{"line":25,"column":41},"end":{"line":29,"column":1}},"line":25},"4":{"name":"(anonymous_4)","decl":{"start":{"line":31,"column":28},"end":{"line":31,"column":29}},"loc":{"start":{"line":31,"column":42},"end":{"line":35,"column":1}},"line":31},"5":{"name":"(anonymous_5)","decl":{"start":{"line":37,"column":30},"end":{"line":37,"column":31}},"loc":{"start":{"line":37,"column":50},"end":{"line":41,"column":1}},"line":37}},"branchMap":{},"s":{"0":2,"1":2,"2":2,"3":1,"4":0,"5":2,"6":0,"7":0,"8":0,"9":2,"10":0,"11":0,"12":0,"13":2,"14":0,"15":0,"16":2,"17":0,"18":0,"19":0,"20":2,"21":0,"22":0,"23":0},"f":{"0":1,"1":0,"2":0,"3":0,"4":0,"5":0},"b":{},"_coverageSchema":"1a1c01bbd47fc00a2c39e90264f33305004495a9","hash":"5b0294ea0aed695256a407a02896d47101519b7c"}
,"/Users/harel/Desktop/Monday/Exercise/ex_8/monday-u-assignment/src/client/src/components/Buttons/AddButton.jsx": {"path":"/Users/harel/Desktop/Monday/Exercise/ex_8/monday-u-assignment/src/client/src/components/Buttons/AddButton.jsx","statementMap":{"0":{"start":{"line":4,"column":18},"end":{"line":10,"column":1}},"1":{"start":{"line":5,"column":2},"end":{"line":9,"column":4}},"2":{"start":{"line":12,"column":0},"end":{"line":14,"column":2}},"3":{"start":{"line":16,"column":0},"end":{"line":18,"column":2}}},"fnMap":{"0":{"name":"(anonymous_0)","decl":{"start":{"line":4,"column":18},"end":{"line":4,"column":19}},"loc":{"start":{"line":4,"column":42},"end":{"line":10,"column":1}},"line":4},"1":{"name":"(anonymous_1)","decl":{"start":{"line":17,"column":18},"end":{"line":17,"column":19}},"loc":{"start":{"line":17,"column":24},"end":{"line":17,"column":26}},"line":17}},"branchMap":{},"s":{"0":1,"1":1,"2":1,"3":1},"f":{"0":1,"1":0},"b":{},"_coverageSchema":"1a1c01bbd47fc00a2c39e90264f33305004495a9","hash":"ef41df02117a186310d75780864fcb976c280cd3"}
,"/Users/harel/Desktop/Monday/Exercise/ex_8/monday-u-assignment/src/client/src/components/Buttons/ClearAllButton-connector.js": {"path":"/Users/harel/Desktop/Monday/Exercise/ex_8/monday-u-assignment/src/client/src/components/Buttons/ClearAllButton-connector.js","statementMap":{"0":{"start":{"line":7,"column":24},"end":{"line":9,"column":1}},"1":{"start":{"line":8,"column":2},"end":{"line":8,"column":12}},"2":{"start":{"line":11,"column":27},"end":{"line":13,"column":1}},"3":{"start":{"line":12,"column":2},"end":{"line":12,"column":64}}},"fnMap":{"0":{"name":"(anonymous_0)","decl":{"start":{"line":7,"column":24},"end":{"line":7,"column":25}},"loc":{"start":{"line":7,"column":45},"end":{"line":9,"column":1}},"line":7},"1":{"name":"(anonymous_1)","decl":{"start":{"line":11,"column":27},"end":{"line":11,"column":28}},"loc":{"start":{"line":11,"column":51},"end":{"line":13,"column":1}},"line":11}},"branchMap":{},"s":{"0":1,"1":0,"2":1,"3":0},"f":{"0":0,"1":0},"b":{},"_coverageSchema":"1a1c01bbd47fc00a2c39e90264f33305004495a9","hash":"51ae99f0eb173f4179dcc6420232039d7897c29f"}
,"/Users/harel/Desktop/Monday/Exercise/ex_8/monday-u-assignment/src/client/src/components/Buttons/ClearAllButton.jsx": {"path":"/Users/harel/Desktop/Monday/Exercise/ex_8/monday-u-assignment/src/client/src/components/Buttons/ClearAllButton.jsx","statementMap":{"0":{"start":{"line":4,"column":23},"end":{"line":10,"column":1}},"1":{"start":{"line":5,"column":2},"end":{"line":9,"column":4}},"2":{"start":{"line":12,"column":0},"end":{"line":14,"column":2}},"3":{"start":{"line":16,"column":0},"end":{"line":18,"column":2}}},"fnMap":{"0":{"name":"(anonymous_0)","decl":{"start":{"line":4,"column":23},"end":{"line":4,"column":24}},"loc":{"start":{"line":4,"column":53},"end":{"line":10,"column":1}},"line":4},"1":{"name":"(anonymous_1)","decl":{"start":{"line":17,"column":24},"end":{"line":17,"column":25}},"loc":{"start":{"line":17,"column":30},"end":{"line":17,"column":32}},"line":17}},"branchMap":{},"s":{"0":1,"1":0,"2":1,"3":1},"f":{"0":0,"1":0},"b":{},"_coverageSchema":"1a1c01bbd47fc00a2c39e90264f33305004495a9","hash":"3d09f95544d628061a799e6d5061a583fe86447c"}
,"/Users/harel/Desktop/Monday/Exercise/ex_8/monday-u-assignment/src/client/src/components/Icon/Icon.jsx": {"path":"/Users/harel/Desktop/Monday/Exercise/ex_8/monday-u-assignment/src/client/src/components/Icon/Icon.jsx","statementMap":{"0":{"start":{"line":3,"column":13},"end":{"line":13,"column":1}},"1":{"start":{"line":4,"column":2},"end":{"line":12,"column":4}},"2":{"start":{"line":15,"column":0},"end":{"line":20,"column":2}},"3":{"start":{"line":22,"column":0},"end":{"line":27,"column":2}}},"fnMap":{"0":{"name":"(anonymous_0)","decl":{"start":{"line":3,"column":13},"end":{"line":3,"column":14}},"loc":{"start":{"line":3,"column":68},"end":{"line":13,"column":1}},"line":3},"1":{"name":"(anonymous_1)","decl":{"start":{"line":26,"column":22},"end":{"line":26,"column":23}},"loc":{"start":{"line":26,"column":28},"end":{"line":26,"column":30}},"line":26}},"branchMap":{},"s":{"0":3,"1":10,"2":3,"3":3},"f":{"0":10,"1":0},"b":{},"_coverageSchema":"1a1c01bbd47fc00a2c39e90264f33305004495a9","hash":"c1d5dc450a4ccd13f891fe659ec52ea66b7d5755"}
,"/Users/harel/Desktop/Monday/Exercise/ex_8/monday-u-assignment/src/client/src/components/UserInput/UserInput-connector.js": {"path":"/Users/harel/Desktop/Monday/Exercise/ex_8/monday-u-assignment/src/client/src/components/UserInput/UserInput-connector.js","statementMap":{"0":{"start":{"line":8,"column":24},"end":{"line":11,"column":1}},"1":{"start":{"line":9,"column":21},"end":{"line":9,"column":41}},"2":{"start":{"line":10,"column":2},"end":{"line":10,"column":24}},"3":{"start":{"line":13,"column":27},"end":{"line":15,"column":1}},"4":{"start":{"line":14,"column":2},"end":{"line":14,"column":74}}},"fnMap":{"0":{"name":"(anonymous_0)","decl":{"start":{"line":8,"column":24},"end":{"line":8,"column":25}},"loc":{"start":{"line":8,"column":45},"end":{"line":11,"column":1}},"line":8},"1":{"name":"(anonymous_1)","decl":{"start":{"line":13,"column":27},"end":{"line":13,"column":28}},"loc":{"start":{"line":13,"column":51},"end":{"line":15,"column":1}},"line":13}},"branchMap":{},"s":{"0":1,"1":2,"2":2,"3":1,"4":1},"f":{"0":2,"1":1},"b":{},"_coverageSchema":"1a1c01bbd47fc00a2c39e90264f33305004495a9","hash":"8f98f84460e340751a4280cce73c972c7e9220ee"}
,"/Users/harel/Desktop/Monday/Exercise/ex_8/monday-u-assignment/src/client/src/components/UserInput/UserInput.jsx": {"path":"/Users/harel/Desktop/Monday/Exercise/ex_8/monday-u-assignment/src/client/src/components/UserInput/UserInput.jsx","statementMap":{"0":{"start":{"line":6,"column":18},"end":{"line":31,"column":1}},"1":{"start":{"line":7,"column":27},"end":{"line":9,"column":3}},"2":{"start":{"line":8,"column":4},"end":{"line":8,"column":31}},"3":{"start":{"line":11,"column":25},"end":{"line":15,"column":3}},"4":{"start":{"line":12,"column":4},"end":{"line":14,"column":5}},"5":{"start":{"line":13,"column":6},"end":{"line":13,"column":25}},"6":{"start":{"line":16,"column":2},"end":{"line":30,"column":4}},"7":{"start":{"line":24,"column":25},"end":{"line":24,"column":55}},"8":{"start":{"line":33,"column":0},"end":{"line":35,"column":2}},"9":{"start":{"line":37,"column":0},"end":{"line":39,"column":2}}},"fnMap":{"0":{"name":"(anonymous_0)","decl":{"start":{"line":6,"column":18},"end":{"line":6,"column":19}},"loc":{"start":{"line":6,"column":70},"end":{"line":31,"column":1}},"line":6},"1":{"name":"(anonymous_1)","decl":{"start":{"line":7,"column":27},"end":{"line":7,"column":28}},"loc":{"start":{"line":7,"column":33},"end":{"line":9,"column":3}},"line":7},"2":{"name":"(anonymous_2)","decl":{"start":{"line":11,"column":25},"end":{"line":11,"column":26}},"loc":{"start":{"line":11,"column":32},"end":{"line":15,"column":3}},"line":11},"3":{"name":"(anonymous_3)","decl":{"start":{"line":24,"column":18},"end":{"line":24,"column":19}},"loc":{"start":{"line":24,"column":25},"end":{"line":24,"column":55}},"line":24},"4":{"name":"(anonymous_4)","decl":{"start":{"line":38,"column":18},"end":{"line":38,"column":19}},"loc":{"start":{"line":38,"column":24},"end":{"line":38,"column":26}},"line":38}},"branchMap":{"0":{"loc":{"start":{"line":12,"column":4},"end":{"line":14,"column":5}},"type":"if","locations":[{"start":{"line":12,"column":4},"end":{"line":14,"column":5}},{"start":{},"end":{}}],"line":12}},"s":{"0":1,"1":1,"2":0,"3":1,"4":0,"5":0,"6":1,"7":0,"8":1,"9":1},"f":{"0":1,"1":0,"2":0,"3":0,"4":0},"b":{"0":[0,0]},"_coverageSchema":"1a1c01bbd47fc00a2c39e90264f33305004495a9","hash":"2f2ab96999bcc3292d9937da6b617de3802e014f"}
,"/Users/harel/Desktop/Monday/Exercise/ex_8/monday-u-assignment/src/client/src/components/aboutUs/AboutUs.jsx": {"path":"/Users/harel/Desktop/Monday/Exercise/ex_8/monday-u-assignment/src/client/src/components/aboutUs/AboutUs.jsx","statementMap":{"0":{"start":{"line":3,"column":16},"end":{"line":27,"column":1}},"1":{"start":{"line":4,"column":2},"end":{"line":26,"column":4}}},"fnMap":{"0":{"name":"(anonymous_0)","decl":{"start":{"line":3,"column":16},"end":{"line":3,"column":17}},"loc":{"start":{"line":3,"column":22},"end":{"line":27,"column":1}},"line":3}},"branchMap":{},"s":{"0":2,"1":1},"f":{"0":1},"b":{},"_coverageSchema":"1a1c01bbd47fc00a2c39e90264f33305004495a9","hash":"f82677b9e094940bac5120f63554b6fd77f971da"}
,"/Users/harel/Desktop/Monday/Exercise/ex_8/monday-u-assignment/src/client/src/components/displayOption/DisplayOption-connector.js": {"path":"/Users/harel/Desktop/Monday/Exercise/ex_8/monday-u-assignment/src/client/src/components/displayOption/DisplayOption-connector.js","statementMap":{"0":{"start":{"line":10,"column":24},"end":{"line":12,"column":1}},"1":{"start":{"line":11,"column":2},"end":{"line":11,"column":12}},"2":{"start":{"line":14,"column":27},"end":{"line":16,"column":1}},"3":{"start":{"line":15,"column":2},"end":{"line":15,"column":79}}},"fnMap":{"0":{"name":"(anonymous_0)","decl":{"start":{"line":10,"column":24},"end":{"line":10,"column":25}},"loc":{"start":{"line":10,"column":45},"end":{"line":12,"column":1}},"line":10},"1":{"name":"(anonymous_1)","decl":{"start":{"line":14,"column":27},"end":{"line":14,"column":28}},"loc":{"start":{"line":14,"column":51},"end":{"line":16,"column":1}},"line":14}},"branchMap":{},"s":{"0":1,"1":2,"2":1,"3":1},"f":{"0":2,"1":1},"b":{},"_coverageSchema":"1a1c01bbd47fc00a2c39e90264f33305004495a9","hash":"f0934c266ec2149539eed7fea09d4438b9e1aa7b"}
,"/Users/harel/Desktop/Monday/Exercise/ex_8/monday-u-assignment/src/client/src/components/displayOption/DisplayOption.jsx": {"path":"/Users/harel/Desktop/Monday/Exercise/ex_8/monday-u-assignment/src/client/src/components/displayOption/DisplayOption.jsx","statementMap":{"0":{"start":{"line":6,"column":22},"end":{"line":51,"column":1}},"1":{"start":{"line":7,"column":18},"end":{"line":19,"column":3}},"2":{"start":{"line":8,"column":10},"end":{"line":17,"column":5}},"3":{"start":{"line":20,"column":2},"end":{"line":50,"column":4}},"4":{"start":{"line":30,"column":30},"end":{"line":30,"column":74}},"5":{"start":{"line":31,"column":27},"end":{"line":31,"column":48}},"6":{"start":{"line":42,"column":16},"end":{"line":42,"column":38}}},"fnMap":{"0":{"name":"(anonymous_0)","decl":{"start":{"line":6,"column":22},"end":{"line":6,"column":23}},"loc":{"start":{"line":6,"column":67},"end":{"line":51,"column":1}},"line":6},"1":{"name":"(anonymous_1)","decl":{"start":{"line":8,"column":4},"end":{"line":8,"column":5}},"loc":{"start":{"line":8,"column":10},"end":{"line":17,"column":5}},"line":8},"2":{"name":"(anonymous_2)","decl":{"start":{"line":30,"column":22},"end":{"line":30,"column":23}},"loc":{"start":{"line":30,"column":30},"end":{"line":30,"column":74}},"line":30},"3":{"name":"(anonymous_3)","decl":{"start":{"line":31,"column":21},"end":{"line":31,"column":22}},"loc":{"start":{"line":31,"column":27},"end":{"line":31,"column":48}},"line":31},"4":{"name":"(anonymous_4)","decl":{"start":{"line":41,"column":24},"end":{"line":41,"column":25}},"loc":{"start":{"line":41,"column":31},"end":{"line":43,"column":15}},"line":41}},"branchMap":{"0":{"loc":{"start":{"line":30,"column":30},"end":{"line":30,"column":74}},"type":"cond-expr","locations":[{"start":{"line":30,"column":43},"end":{"line":30,"column":67}},{"start":{"line":30,"column":70},"end":{"line":30,"column":74}}],"line":30}},"s":{"0":1,"1":1,"2":1,"3":1,"4":0,"5":0,"6":0},"f":{"0":1,"1":1,"2":0,"3":0,"4":0},"b":{"0":[0,0]},"_coverageSchema":"1a1c01bbd47fc00a2c39e90264f33305004495a9","hash":"fe8375804ee643e1df9881c34cf0311580ca3857"}
,"/Users/harel/Desktop/Monday/Exercise/ex_8/monday-u-assignment/src/client/src/components/item/Item-connector.js": {"path":"/Users/harel/Desktop/Monday/Exercise/ex_8/monday-u-assignment/src/client/src/components/item/Item-connector.js","statementMap":{"0":{"start":{"line":10,"column":24},"end":{"line":12,"column":1}},"1":{"start":{"line":11,"column":2},"end":{"line":11,"column":12}},"2":{"start":{"line":14,"column":27},"end":{"line":19,"column":1}},"3":{"start":{"line":15,"column":2},"end":{"line":18,"column":4}}},"fnMap":{"0":{"name":"(anonymous_0)","decl":{"start":{"line":10,"column":24},"end":{"line":10,"column":25}},"loc":{"start":{"line":10,"column":45},"end":{"line":12,"column":1}},"line":10},"1":{"name":"(anonymous_1)","decl":{"start":{"line":14,"column":27},"end":{"line":14,"column":28}},"loc":{"start":{"line":14,"column":51},"end":{"line":19,"column":1}},"line":14}},"branchMap":{},"s":{"0":2,"1":2,"2":2,"3":2},"f":{"0":2,"1":2},"b":{},"_coverageSchema":"1a1c01bbd47fc00a2c39e90264f33305004495a9","hash":"4d4bfea06fd4c5274961f17ca57b77f7f424b675"}
,"/Users/harel/Desktop/Monday/Exercise/ex_8/monday-u-assignment/src/client/src/components/item/Item.jsx": {"path":"/Users/harel/Desktop/Monday/Exercise/ex_8/monday-u-assignment/src/client/src/components/item/Item.jsx","statementMap":{"0":{"start":{"line":10,"column":13},"end":{"line":97,"column":1}},"1":{"start":{"line":19,"column":46},"end":{"line":19,"column":61}},"2":{"start":{"line":20,"column":46},"end":{"line":20,"column":60}},"3":{"start":{"line":21,"column":42},"end":{"line":21,"column":56}},"4":{"start":{"line":22,"column":30},"end":{"line":22,"column":45}},"5":{"start":{"line":23,"column":44},"end":{"line":23,"column":62}},"6":{"start":{"line":24,"column":33},"end":{"line":29,"column":3}},"7":{"start":{"line":25,"column":4},"end":{"line":25,"column":28}},"8":{"start":{"line":26,"column":4},"end":{"line":26,"column":29}},"9":{"start":{"line":27,"column":4},"end":{"line":27,"column":27}},"10":{"start":{"line":28,"column":4},"end":{"line":28,"column":20}},"11":{"start":{"line":31,"column":33},"end":{"line":42,"column":3}},"12":{"start":{"line":32,"column":4},"end":{"line":32,"column":29}},"13":{"start":{"line":33,"column":4},"end":{"line":33,"column":28}},"14":{"start":{"line":34,"column":4},"end":{"line":34,"column":26}},"15":{"start":{"line":35,"column":4},"end":{"line":35,"column":80}},"16":{"start":{"line":36,"column":4},"end":{"line":40,"column":5}},"17":{"start":{"line":37,"column":6},"end":{"line":37,"column":62}},"18":{"start":{"line":39,"column":6},"end":{"line":39,"column":33}},"19":{"start":{"line":41,"column":4},"end":{"line":41,"column":21}},"20":{"start":{"line":44,"column":35},"end":{"line":46,"column":32}},"21":{"start":{"line":45,"column":4},"end":{"line":45,"column":35}},"22":{"start":{"line":48,"column":39},"end":{"line":50,"column":30}},"23":{"start":{"line":49,"column":4},"end":{"line":49,"column":33}},"24":{"start":{"line":52,"column":34},"end":{"line":54,"column":3}},"25":{"start":{"line":53,"column":4},"end":{"line":53,"column":37}},"26":{"start":{"line":55,"column":2},"end":{"line":96,"column":4}},"27":{"start":{"line":99,"column":0},"end":{"line":106,"column":2}},"28":{"start":{"line":108,"column":0},"end":{"line":115,"column":2}}},"fnMap":{"0":{"name":"(anonymous_0)","decl":{"start":{"line":10,"column":13},"end":{"line":10,"column":14}},"loc":{"start":{"line":18,"column":6},"end":{"line":97,"column":1}},"line":18},"1":{"name":"(anonymous_1)","decl":{"start":{"line":24,"column":33},"end":{"line":24,"column":34}},"loc":{"start":{"line":24,"column":39},"end":{"line":29,"column":3}},"line":24},"2":{"name":"(anonymous_2)","decl":{"start":{"line":31,"column":33},"end":{"line":31,"column":34}},"loc":{"start":{"line":31,"column":45},"end":{"line":42,"column":3}},"line":31},"3":{"name":"(anonymous_3)","decl":{"start":{"line":44,"column":47},"end":{"line":44,"column":48}},"loc":{"start":{"line":44,"column":59},"end":{"line":46,"column":3}},"line":44},"4":{"name":"(anonymous_4)","decl":{"start":{"line":48,"column":51},"end":{"line":48,"column":52}},"loc":{"start":{"line":48,"column":63},"end":{"line":50,"column":3}},"line":48},"5":{"name":"(anonymous_5)","decl":{"start":{"line":52,"column":34},"end":{"line":52,"column":35}},"loc":{"start":{"line":52,"column":41},"end":{"line":54,"column":3}},"line":52},"6":{"name":"(anonymous_6)","decl":{"start":{"line":112,"column":24},"end":{"line":112,"column":25}},"loc":{"start":{"line":112,"column":30},"end":{"line":112,"column":32}},"line":112},"7":{"name":"(anonymous_7)","decl":{"start":{"line":113,"column":22},"end":{"line":113,"column":23}},"loc":{"start":{"line":113,"column":28},"end":{"line":113,"column":30}},"line":113},"8":{"name":"(anonymous_8)","decl":{"start":{"line":114,"column":24},"end":{"line":114,"column":25}},"loc":{"start":{"line":114,"column":30},"end":{"line":114,"column":32}},"line":114}},"branchMap":{"0":{"loc":{"start":{"line":36,"column":4},"end":{"line":40,"column":5}},"type":"if","locations":[{"start":{"line":36,"column":4},"end":{"line":40,"column":5}},{"start":{"line":38,"column":11},"end":{"line":40,"column":5}}],"line":36},"1":{"loc":{"start":{"line":57,"column":39},"end":{"line":57,"column":77}},"type":"cond-expr","locations":[{"start":{"line":57,"column":48},"end":{"line":57,"column":72}},{"start":{"line":57,"column":75},"end":{"line":57,"column":77}}],"line":57},"2":{"loc":{"start":{"line":67,"column":19},"end":{"line":67,"column":69}},"type":"cond-expr","locations":[{"start":{"line":67,"column":28},"end":{"line":67,"column":51}},{"start":{"line":67,"column":54},"end":{"line":67,"column":69}}],"line":67},"3":{"loc":{"start":{"line":69,"column":15},"end":{"line":69,"column":49}},"type":"cond-expr","locations":[{"start":{"line":69,"column":25},"end":{"line":69,"column":33}},{"start":{"line":69,"column":36},"end":{"line":69,"column":49}}],"line":69},"4":{"loc":{"start":{"line":73,"column":7},"end":{"line":80,"column":7}},"type":"binary-expr","locations":[{"start":{"line":73,"column":7},"end":{"line":73,"column":21}},{"start":{"line":73,"column":25},"end":{"line":73,"column":32}},{"start":{"line":74,"column":8},"end":{"line":79,"column":10}}],"line":73},"5":{"loc":{"start":{"line":81,"column":7},"end":{"line":88,"column":7}},"type":"binary-expr","locations":[{"start":{"line":81,"column":7},"end":{"line":81,"column":21}},{"start":{"line":81,"column":25},"end":{"line":81,"column":32}},{"start":{"line":82,"column":8},"end":{"line":87,"column":10}}],"line":81},"6":{"loc":{"start":{"line":91,"column":15},"end":{"line":91,"column":51}},"type":"cond-expr","locations":[{"start":{"line":91,"column":24},"end":{"line":91,"column":46}},{"start":{"line":91,"column":49},"end":{"line":91,"column":51}}],"line":91}},"s":{"0":3,"1":6,"2":6,"3":6,"4":6,"5":6,"6":6,"7":0,"8":0,"9":0,"10":0,"11":6,"12":0,"13":0,"14":0,"15":0,"16":0,"17":0,"18":0,"19":0,"20":6,"21":0,"22":6,"23":0,"24":6,"25":0,"26":6,"27":3,"28":3},"f":{"0":6,"1":0,"2":0,"3":0,"4":0,"5":0,"6":0,"7":0,"8":0},"b":{"0":[0,0],"1":[2,4],"2":[0,6],"3":[6,0],"4":[6,6,4],"5":[6,0,0],"6":[2,4]},"_coverageSchema":"1a1c01bbd47fc00a2c39e90264f33305004495a9","hash":"22bcde599452f926bc31ab208c1749482b25729c"}
,"/Users/harel/Desktop/Monday/Exercise/ex_8/monday-u-assignment/src/client/src/components/listItems/ListItems-connector.js": {"path":"/Users/harel/Desktop/Monday/Exercise/ex_8/monday-u-assignment/src/client/src/components/listItems/ListItems-connector.js","statementMap":{"0":{"start":{"line":7,"column":24},"end":{"line":10,"column":1}},"1":{"start":{"line":8,"column":16},"end":{"line":8,"column":39}},"2":{"start":{"line":9,"column":2},"end":{"line":9,"column":19}},"3":{"start":{"line":12,"column":27},"end":{"line":14,"column":1}},"4":{"start":{"line":13,"column":2},"end":{"line":13,"column":59}}},"fnMap":{"0":{"name":"(anonymous_0)","decl":{"start":{"line":7,"column":24},"end":{"line":7,"column":25}},"loc":{"start":{"line":7,"column":45},"end":{"line":10,"column":1}},"line":7},"1":{"name":"(anonymous_1)","decl":{"start":{"line":12,"column":27},"end":{"line":12,"column":28}},"loc":{"start":{"line":12,"column":51},"end":{"line":14,"column":1}},"line":12}},"branchMap":{},"s":{"0":1,"1":2,"2":2,"3":1,"4":1},"f":{"0":2,"1":1},"b":{},"_coverageSchema":"1a1c01bbd47fc00a2c39e90264f33305004495a9","hash":"2c43d41c41994faf7dd8dd8e3d49c1822d9dc718"}
,"/Users/harel/Desktop/Monday/Exercise/ex_8/monday-u-assignment/src/client/src/components/listItems/ListItems.jsx": {"path":"/Users/harel/Desktop/Monday/Exercise/ex_8/monday-u-assignment/src/client/src/components/listItems/ListItems.jsx","statementMap":{"0":{"start":{"line":6,"column":17},"end":{"line":37,"column":1}},"1":{"start":{"line":7,"column":34},"end":{"line":11,"column":3}},"2":{"start":{"line":8,"column":21},"end":{"line":8,"column":55}},"3":{"start":{"line":8,"column":41},"end":{"line":8,"column":54}},"4":{"start":{"line":9,"column":19},"end":{"line":9,"column":61}},"5":{"start":{"line":10,"column":4},"end":{"line":10,"column":18}},"6":{"start":{"line":13,"column":2},"end":{"line":15,"column":24}},"7":{"start":{"line":14,"column":4},"end":{"line":14,"column":22}},"8":{"start":{"line":16,"column":2},"end":{"line":36,"column":4}},"9":{"start":{"line":20,"column":10},"end":{"line":28,"column":12}},"10":{"start":{"line":39,"column":0},"end":{"line":41,"column":2}},"11":{"start":{"line":43,"column":0},"end":{"line":45,"column":2}}},"fnMap":{"0":{"name":"(anonymous_0)","decl":{"start":{"line":6,"column":17},"end":{"line":6,"column":18}},"loc":{"start":{"line":6,"column":49},"end":{"line":37,"column":1}},"line":6},"1":{"name":"(anonymous_1)","decl":{"start":{"line":7,"column":34},"end":{"line":7,"column":35}},"loc":{"start":{"line":7,"column":48},"end":{"line":11,"column":3}},"line":7},"2":{"name":"(anonymous_2)","decl":{"start":{"line":8,"column":31},"end":{"line":8,"column":32}},"loc":{"start":{"line":8,"column":41},"end":{"line":8,"column":54}},"line":8},"3":{"name":"(anonymous_3)","decl":{"start":{"line":13,"column":12},"end":{"line":13,"column":13}},"loc":{"start":{"line":13,"column":18},"end":{"line":15,"column":3}},"line":13},"4":{"name":"(anonymous_4)","decl":{"start":{"line":19,"column":18},"end":{"line":19,"column":19}},"loc":{"start":{"line":19,"column":28},"end":{"line":29,"column":9}},"line":19}},"branchMap":{"0":{"loc":{"start":{"line":9,"column":19},"end":{"line":9,"column":61}},"type":"cond-expr","locations":[{"start":{"line":9,"column":49},"end":{"line":9,"column":53}},{"start":{"line":9,"column":56},"end":{"line":9,"column":61}}],"line":9},"1":{"loc":{"start":{"line":18,"column":7},"end":{"line":34,"column":7}},"type":"cond-expr","locations":[{"start":{"line":19,"column":8},"end":{"line":29,"column":10}},{"start":{"line":31,"column":8},"end":{"line":33,"column":14}}],"line":18}},"s":{"0":2,"1":2,"2":0,"3":0,"4":0,"5":0,"6":2,"7":2,"8":2,"9":2,"10":2,"11":2},"f":{"0":2,"1":0,"2":0,"3":2,"4":2},"b":{"0":[0,0],"1":[1,1]},"_coverageSchema":"1a1c01bbd47fc00a2c39e90264f33305004495a9","hash":"2e25dd8606bc4d457def62cb22c330f2af9f133b"}
,"/Users/harel/Desktop/Monday/Exercise/ex_8/monday-u-assignment/src/client/src/components/loader/Loader.jsx": {"path":"/Users/harel/Desktop/Monday/Exercise/ex_8/monday-u-assignment/src/client/src/components/loader/Loader.jsx","statementMap":{"0":{"start":{"line":4,"column":27},"end":{"line":17,"column":1}},"1":{"start":{"line":16,"column":4},"end":{"line":16,"column":60}},"2":{"start":{"line":19,"column":23},"end":{"line":25,"column":1}},"3":{"start":{"line":20,"column":2},"end":{"line":24,"column":4}}},"fnMap":{"0":{"name":"(anonymous_0)","decl":{"start":{"line":15,"column":16},"end":{"line":15,"column":17}},"loc":{"start":{"line":16,"column":4},"end":{"line":16,"column":60}},"line":16},"1":{"name":"(anonymous_1)","decl":{"start":{"line":19,"column":23},"end":{"line":19,"column":24}},"loc":{"start":{"line":19,"column":43},"end":{"line":25,"column":1}},"line":19}},"branchMap":{"0":{"loc":{"start":{"line":16,"column":4},"end":{"line":16,"column":60}},"type":"cond-expr","locations":[{"start":{"line":16,"column":23},"end":{"line":16,"column":39}},{"start":{"line":16,"column":42},"end":{"line":16,"column":60}}],"line":16}},"s":{"0":1,"1":1,"2":1,"3":1},"f":{"0":1,"1":1},"b":{"0":[0,1]},"_coverageSchema":"1a1c01bbd47fc00a2c39e90264f33305004495a9","hash":"bbdbd65f74777e59ba4a341e831dc2ab23956efd"}
,"/Users/harel/Desktop/Monday/Exercise/ex_8/monday-u-assignment/src/client/src/components/main/Main.jsx": {"path":"/Users/harel/Desktop/Monday/Exercise/ex_8/monday-u-assignment/src/client/src/components/main/Main.jsx","statementMap":{"0":{"start":{"line":5,"column":13},"end":{"line":23,"column":1}},"1":{"start":{"line":6,"column":2},"end":{"line":22,"column":4}}},"fnMap":{"0":{"name":"(anonymous_0)","decl":{"start":{"line":5,"column":13},"end":{"line":5,"column":14}},"loc":{"start":{"line":5,"column":19},"end":{"line":23,"column":1}},"line":5}},"branchMap":{},"s":{"0":1,"1":0},"f":{"0":0},"b":{},"_coverageSchema":"1a1c01bbd47fc00a2c39e90264f33305004495a9","hash":"89cb9344513caf4b23947e04223547ad15233a53"}
,"/Users/harel/Desktop/Monday/Exercise/ex_8/monday-u-assignment/src/client/src/components/myToast/MyToast.jsx": {"path":"/Users/harel/Desktop/Monday/Exercise/ex_8/monday-u-assignment/src/client/src/components/myToast/MyToast.jsx","statementMap":{"0":{"start":{"line":4,"column":16},"end":{"line":17,"column":1}},"1":{"start":{"line":5,"column":33},"end":{"line":5,"column":41}},"2":{"start":{"line":7,"column":2},"end":{"line":16,"column":4}},"3":{"start":{"line":19,"column":0},"end":{"line":23,"column":2}},"4":{"start":{"line":25,"column":0},"end":{"line":29,"column":2}}},"fnMap":{"0":{"name":"(anonymous_0)","decl":{"start":{"line":4,"column":16},"end":{"line":4,"column":17}},"loc":{"start":{"line":4,"column":62},"end":{"line":17,"column":1}},"line":4},"1":{"name":"(anonymous_1)","decl":{"start":{"line":28,"column":19},"end":{"line":28,"column":20}},"loc":{"start":{"line":28,"column":25},"end":{"line":28,"column":27}},"line":28}},"branchMap":{},"s":{"0":1,"1":2,"2":2,"3":1,"4":1},"f":{"0":2,"1":0},"b":{},"_coverageSchema":"1a1c01bbd47fc00a2c39e90264f33305004495a9","hash":"5b03d8114ad923fbe81d370f3e51e0042294f7ac"}
,"/Users/harel/Desktop/Monday/Exercise/ex_8/monday-u-assignment/src/client/src/components/navigationBar/NavigationBar.jsx": {"path":"/Users/harel/Desktop/Monday/Exercise/ex_8/monday-u-assignment/src/client/src/components/navigationBar/NavigationBar.jsx","statementMap":{"0":{"start":{"line":4,"column":22},"end":{"line":18,"column":1}},"1":{"start":{"line":5,"column":2},"end":{"line":17,"column":4}}},"fnMap":{"0":{"name":"(anonymous_0)","decl":{"start":{"line":4,"column":22},"end":{"line":4,"column":23}},"loc":{"start":{"line":4,"column":28},"end":{"line":18,"column":1}},"line":4}},"branchMap":{},"s":{"0":1,"1":1},"f":{"0":1},"b":{},"_coverageSchema":"1a1c01bbd47fc00a2c39e90264f33305004495a9","hash":"abbfd7b41ea6a78aaecdef66d749d83dad0a0def"}
,"/Users/harel/Desktop/Monday/Exercise/ex_8/monday-u-assignment/src/client/src/components/sort/Sort-connector.js": {"path":"/Users/harel/Desktop/Monday/Exercise/ex_8/monday-u-assignment/src/client/src/components/sort/Sort-connector.js","statementMap":{"0":{"start":{"line":11,"column":24},"end":{"line":14,"column":1}},"1":{"start":{"line":12,"column":19},"end":{"line":12,"column":37}},"2":{"start":{"line":13,"column":2},"end":{"line":13,"column":22}},"3":{"start":{"line":16,"column":27},"end":{"line":18,"column":1}},"4":{"start":{"line":17,"column":2},"end":{"line":17,"column":79}}},"fnMap":{"0":{"name":"(anonymous_0)","decl":{"start":{"line":11,"column":24},"end":{"line":11,"column":25}},"loc":{"start":{"line":11,"column":45},"end":{"line":14,"column":1}},"line":11},"1":{"name":"(anonymous_1)","decl":{"start":{"line":16,"column":27},"end":{"line":16,"column":28}},"loc":{"start":{"line":16,"column":51},"end":{"line":18,"column":1}},"line":16}},"branchMap":{},"s":{"0":1,"1":2,"2":2,"3":1,"4":1},"f":{"0":2,"1":1},"b":{},"_coverageSchema":"1a1c01bbd47fc00a2c39e90264f33305004495a9","hash":"a46ff28e0c4e6381807c65bfda5ab6a7df00b723"}
,"/Users/harel/Desktop/Monday/Exercise/ex_8/monday-u-assignment/src/client/src/components/sort/Sort.jsx": {"path":"/Users/harel/Desktop/Monday/Exercise/ex_8/monday-u-assignment/src/client/src/components/sort/Sort.jsx","statementMap":{"0":{"start":{"line":6,"column":13},"end":{"line":37,"column":1}},"1":{"start":{"line":7,"column":2},"end":{"line":36,"column":4}},"2":{"start":{"line":15,"column":28},"end":{"line":15,"column":48}},"3":{"start":{"line":16,"column":10},"end":{"line":16,"column":35}},"4":{"start":{"line":31,"column":12},"end":{"line":31,"column":43}},"5":{"start":{"line":39,"column":0},"end":{"line":43,"column":2}},"6":{"start":{"line":45,"column":0},"end":{"line":49,"column":2}}},"fnMap":{"0":{"name":"(anonymous_0)","decl":{"start":{"line":6,"column":13},"end":{"line":6,"column":14}},"loc":{"start":{"line":6,"column":68},"end":{"line":37,"column":1}},"line":6},"1":{"name":"(anonymous_1)","decl":{"start":{"line":14,"column":18},"end":{"line":14,"column":19}},"loc":{"start":{"line":14,"column":29},"end":{"line":17,"column":9}},"line":14},"2":{"name":"(anonymous_2)","decl":{"start":{"line":30,"column":19},"end":{"line":30,"column":20}},"loc":{"start":{"line":30,"column":25},"end":{"line":32,"column":11}},"line":30},"3":{"name":"(anonymous_3)","decl":{"start":{"line":46,"column":17},"end":{"line":46,"column":18}},"loc":{"start":{"line":46,"column":23},"end":{"line":46,"column":25}},"line":46},"4":{"name":"(anonymous_4)","decl":{"start":{"line":47,"column":24},"end":{"line":47,"column":25}},"loc":{"start":{"line":47,"column":30},"end":{"line":47,"column":32}},"line":47}},"branchMap":{"0":{"loc":{"start":{"line":12,"column":17},"end":{"line":12,"column":49}},"type":"cond-expr","locations":[{"start":{"line":12,"column":37},"end":{"line":12,"column":42}},{"start":{"line":12,"column":45},"end":{"line":12,"column":49}}],"line":12},"1":{"loc":{"start":{"line":25,"column":7},"end":{"line":34,"column":14}},"type":"cond-expr","locations":[{"start":{"line":26,"column":8},"end":{"line":33,"column":10}},{"start":{"line":34,"column":10},"end":{"line":34,"column":14}}],"line":25},"2":{"loc":{"start":{"line":28,"column":15},"end":{"line":28,"column":56}},"type":"cond-expr","locations":[{"start":{"line":28,"column":37},"end":{"line":28,"column":46}},{"start":{"line":28,"column":49},"end":{"line":28,"column":56}}],"line":28}},"s":{"0":1,"1":1,"2":0,"3":0,"4":0,"5":1,"6":1},"f":{"0":1,"1":0,"2":0,"3":0,"4":0},"b":{"0":[1,0],"1":[0,1],"2":[0,0]},"_coverageSchema":"1a1c01bbd47fc00a2c39e90264f33305004495a9","hash":"5dd5768348c77027c7f9c182385740980d4c17bd"}
,"/Users/harel/Desktop/Monday/Exercise/ex_8/monday-u-assignment/src/client/src/components/statistics/Statistics.jsx": {"path":"/Users/harel/Desktop/Monday/Exercise/ex_8/monday-u-assignment/src/client/src/components/statistics/Statistics.jsx","statementMap":{"0":{"start":{"line":3,"column":19},"end":{"line":5,"column":1}},"1":{"start":{"line":4,"column":2},"end":{"line":4,"column":71}}},"fnMap":{"0":{"name":"(anonymous_0)","decl":{"start":{"line":3,"column":19},"end":{"line":3,"column":20}},"loc":{"start":{"line":3,"column":25},"end":{"line":5,"column":1}},"line":3}},"branchMap":{},"s":{"0":1,"1":0},"f":{"0":0},"b":{},"_coverageSchema":"1a1c01bbd47fc00a2c39e90264f33305004495a9","hash":"9696ffa8f1afc5f3e61255f961d120c36057b923"}
,"/Users/harel/Desktop/Monday/Exercise/ex_8/monday-u-assignment/src/client/src/components/todoApp/TodoApp-connector.js": {"path":"/Users/harel/Desktop/Monday/Exercise/ex_8/monday-u-assignment/src/client/src/components/todoApp/TodoApp-connector.js","statementMap":{"0":{"start":{"line":15,"column":24},"end":{"line":30,"column":1}},"1":{"start":{"line":16,"column":21},"end":{"line":16,"column":41}},"2":{"start":{"line":17,"column":20},"end":{"line":17,"column":39}},"3":{"start":{"line":18,"column":21},"end":{"line":18,"column":41}},"4":{"start":{"line":19,"column":26},"end":{"line":19,"column":51}},"5":{"start":{"line":20,"column":25},"end":{"line":20,"column":49}},"6":{"start":{"line":21,"column":17},"end":{"line":21,"column":38}},"7":{"start":{"line":22,"column":2},"end":{"line":29,"column":4}},"8":{"start":{"line":32,"column":27},"end":{"line":34,"column":1}},"9":{"start":{"line":33,"column":2},"end":{"line":33,"column":59}}},"fnMap":{"0":{"name":"(anonymous_0)","decl":{"start":{"line":15,"column":24},"end":{"line":15,"column":25}},"loc":{"start":{"line":15,"column":45},"end":{"line":30,"column":1}},"line":15},"1":{"name":"(anonymous_1)","decl":{"start":{"line":32,"column":27},"end":{"line":32,"column":28}},"loc":{"start":{"line":32,"column":51},"end":{"line":34,"column":1}},"line":32}},"branchMap":{},"s":{"0":1,"1":2,"2":2,"3":2,"4":2,"5":2,"6":2,"7":2,"8":1,"9":1},"f":{"0":2,"1":1},"b":{},"_coverageSchema":"1a1c01bbd47fc00a2c39e90264f33305004495a9","hash":"c5c0d6cc73c2466d5115826abe36c83a75fe219a"}
,"/Users/harel/Desktop/Monday/Exercise/ex_8/monday-u-assignment/src/client/src/components/todoApp/TodoApp.jsx": {"path":"/Users/harel/Desktop/Monday/Exercise/ex_8/monday-u-assignment/src/client/src/components/todoApp/TodoApp.jsx","statementMap":{"0":{"start":{"line":11,"column":16},"end":{"line":45,"column":1}},"1":{"start":{"line":20,"column":2},"end":{"line":44,"column":4}},"2":{"start":{"line":47,"column":0},"end":{"line":56,"column":2}},"3":{"start":{"line":58,"column":0},"end":{"line":67,"column":2}}},"fnMap":{"0":{"name":"(anonymous_0)","decl":{"start":{"line":11,"column":16},"end":{"line":11,"column":17}},"loc":{"start":{"line":19,"column":6},"end":{"line":45,"column":1}},"line":19},"1":{"name":"(anonymous_1)","decl":{"start":{"line":64,"column":19},"end":{"line":64,"column":20}},"loc":{"start":{"line":64,"column":25},"end":{"line":64,"column":27}},"line":64},"2":{"name":"(anonymous_2)","decl":{"start":{"line":65,"column":19},"end":{"line":65,"column":20}},"loc":{"start":{"line":65,"column":25},"end":{"line":65,"column":27}},"line":65}},"branchMap":{"0":{"loc":{"start":{"line":23,"column":9},"end":{"line":23,"column":41}},"type":"binary-expr","locations":[{"start":{"line":23,"column":9},"end":{"line":23,"column":19}},{"start":{"line":23,"column":23},"end":{"line":23,"column":41}}],"line":23},"1":{"loc":{"start":{"line":34,"column":9},"end":{"line":41,"column":16}},"type":"cond-expr","locations":[{"start":{"line":35,"column":10},"end":{"line":40,"column":16}},{"start":{"line":41,"column":12},"end":{"line":41,"column":16}}],"line":34}},"s":{"0":1,"1":2,"2":1,"3":1},"f":{"0":2,"1":0,"2":0},"b":{"0":[2,1],"1":[0,2]},"_coverageSchema":"1a1c01bbd47fc00a2c39e90264f33305004495a9","hash":"37af420d000a90fd3e7598a9cabac0b60ba4d833"}
,"/Users/harel/Desktop/Monday/Exercise/ex_8/monday-u-assignment/src/client/src/navigation/Route.js": {"path":"/Users/harel/Desktop/Monday/Exercise/ex_8/monday-u-assignment/src/client/src/navigation/Route.js","statementMap":{"0":{"start":{"line":1,"column":27},"end":{"line":7,"column":1}}},"fnMap":{},"branchMap":{},"s":{"0":1},"f":{},"b":{},"_coverageSchema":"1a1c01bbd47fc00a2c39e90264f33305004495a9","hash":"3915782d44fcc6dde064c3b8b14408d124e72208"}
,"/Users/harel/Desktop/Monday/Exercise/ex_8/monday-u-assignment/src/client/src/navigation/TodoSwitch.js": {"path":"/Users/harel/Desktop/Monday/Exercise/ex_8/monday-u-assignment/src/client/src/navigation/TodoSwitch.js","statementMap":{"0":{"start":{"line":6,"column":19},"end":{"line":28,"column":1}},"1":{"start":{"line":7,"column":2},"end":{"line":27,"column":4}},"2":{"start":{"line":12,"column":30},"end":{"line":12,"column":61}},"3":{"start":{"line":17,"column":30},"end":{"line":17,"column":52}},"4":{"start":{"line":22,"column":30},"end":{"line":22,"column":55}}},"fnMap":{"0":{"name":"(anonymous_0)","decl":{"start":{"line":6,"column":19},"end":{"line":6,"column":20}},"loc":{"start":{"line":6,"column":25},"end":{"line":28,"column":1}},"line":6},"1":{"name":"(anonymous_1)","decl":{"start":{"line":12,"column":19},"end":{"line":12,"column":20}},"loc":{"start":{"line":12,"column":30},"end":{"line":12,"column":61}},"line":12},"2":{"name":"(anonymous_2)","decl":{"start":{"line":17,"column":19},"end":{"line":17,"column":20}},"loc":{"start":{"line":17,"column":30},"end":{"line":17,"column":52}},"line":17},"3":{"name":"(anonymous_3)","decl":{"start":{"line":22,"column":19},"end":{"line":22,"column":20}},"loc":{"start":{"line":22,"column":30},"end":{"line":22,"column":55}},"line":22}},"branchMap":{},"s":{"0":1,"1":1,"2":1,"3":0,"4":0},"f":{"0":1,"1":1,"2":0,"3":0},"b":{},"_coverageSchema":"1a1c01bbd47fc00a2c39e90264f33305004495a9","hash":"07f901f300a97d850d1b16769ac57d1293f43ce5"}
,"/Users/harel/Desktop/Monday/Exercise/ex_8/monday-u-assignment/src/client/src/utils/utils.js": {"path":"/Users/harel/Desktop/Monday/Exercise/ex_8/monday-u-assignment/src/client/src/utils/utils.js","statementMap":{"0":{"start":{"line":1,"column":38},"end":{"line":7,"column":1}},"1":{"start":{"line":2,"column":2},"end":{"line":6,"column":3}},"2":{"start":{"line":3,"column":4},"end":{"line":3,"column":16}},"3":{"start":{"line":5,"column":4},"end":{"line":5,"column":17}},"4":{"start":{"line":9,"column":37},"end":{"line":12,"column":1}},"5":{"start":{"line":10,"column":22},"end":{"line":10,"column":66}},"6":{"start":{"line":11,"column":2},"end":{"line":11,"column":21}}},"fnMap":{"0":{"name":"(anonymous_0)","decl":{"start":{"line":1,"column":38},"end":{"line":1,"column":39}},"loc":{"start":{"line":1,"column":49},"end":{"line":7,"column":1}},"line":1},"1":{"name":"(anonymous_1)","decl":{"start":{"line":9,"column":37},"end":{"line":9,"column":38}},"loc":{"start":{"line":9,"column":47},"end":{"line":12,"column":1}},"line":9}},"branchMap":{"0":{"loc":{"start":{"line":2,"column":2},"end":{"line":6,"column":3}},"type":"if","locations":[{"start":{"line":2,"column":2},"end":{"line":6,"column":3}},{"start":{"line":4,"column":9},"end":{"line":6,"column":3}}],"line":2},"1":{"loc":{"start":{"line":2,"column":6},"end":{"line":2,"column":56}},"type":"binary-expr","locations":[{"start":{"line":2,"column":6},"end":{"line":2,"column":12}},{"start":{"line":2,"column":16},"end":{"line":2,"column":56}}],"line":2}},"s":{"0":3,"1":0,"2":0,"3":0,"4":3,"5":0,"6":0},"f":{"0":0,"1":0},"b":{"0":[0,0],"1":[0,0]},"_coverageSchema":"1a1c01bbd47fc00a2c39e90264f33305004495a9","hash":"92fed8fdf6997c972e2129319747a6826837edb1"}
}
