TN:
SF:src/App.js
FN:6,App
FNF:1
FNH:1
FNDA:1,App
DA:7,1
LF:1
LH:1
BRF:0
BRH:0
end_of_record
TN:
SF:src/index.js
FNF:0
FNH:0
DA:12,0
DA:13,0
DA:24,0
LF:3
LH:0
BRF:0
BRH:0
end_of_record
TN:
SF:src/reportWebVitals.js
FN:1,(anonymous_0)
FN:3,(anonymous_1)
FNF:2
FNH:0
FNDA:0,(anonymous_0)
FNDA:0,(anonymous_1)
DA:1,0
DA:2,0
DA:3,0
DA:4,0
DA:5,0
DA:6,0
DA:7,0
DA:8,0
LF:8
LH:0
BRDA:2,0,0,0
BRDA:2,0,1,0
BRDA:2,1,0,0
BRDA:2,1,1,0
BRF:4
BRH:0
end_of_record
TN:
SF:src/app/store.js
FNF:0
FNH:0
DA:5,2
LF:1
LH:1
BRF:0
BRH:0
end_of_record
TN:
SF:src/app/actions/items-entities-actions.js
FN:31,(anonymous_0)
FN:38,(anonymous_1)
FN:44,(anonymous_2)
FN:50,(anonymous_3)
FN:57,(anonymous_4)
FN:64,(anonymous_5)
FN:65,(anonymous_6)
FN:78,(anonymous_7)
FN:79,(anonymous_8)
FN:91,(anonymous_9)
FN:92,(anonymous_10)
FN:103,(anonymous_11)
FN:104,(anonymous_12)
FN:125,(anonymous_13)
FN:126,(anonymous_14)
FN:138,(anonymous_15)
FN:139,(anonymous_16)
FNF:17
FNH:2
FNDA:0,(anonymous_0)
FNDA:0,(anonymous_1)
FNDA:0,(anonymous_2)
FNDA:0,(anonymous_3)
FNDA:0,(anonymous_4)
FNDA:1,(anonymous_5)
FNDA:1,(anonymous_6)
FNDA:0,(anonymous_7)
FNDA:0,(anonymous_8)
FNDA:0,(anonymous_9)
FNDA:0,(anonymous_10)
FNDA:0,(anonymous_11)
FNDA:0,(anonymous_12)
FNDA:0,(anonymous_13)
FNDA:0,(anonymous_14)
FNDA:0,(anonymous_15)
FNDA:0,(anonymous_16)
DA:31,2
DA:32,0
DA:38,2
DA:39,0
DA:44,2
DA:45,0
DA:50,2
DA:51,0
DA:57,2
DA:58,0
DA:64,2
DA:65,1
DA:66,1
DA:67,1
DA:68,1
DA:69,0
DA:70,0
DA:73,0
DA:78,2
DA:79,0
DA:80,0
DA:81,0
DA:83,0
DA:84,0
DA:86,0
DA:91,2
DA:92,0
DA:93,0
DA:94,0
DA:95,0
DA:96,0
DA:98,0
DA:103,2
DA:104,0
DA:105,0
DA:106,0
DA:108,0
DA:109,0
DA:110,0
DA:111,0
DA:113,0
DA:114,0
DA:116,0
DA:118,0
DA:120,0
DA:125,2
DA:126,0
DA:128,0
DA:129,0
DA:130,0
DA:131,0
DA:133,0
DA:138,2
DA:139,0
DA:140,0
DA:141,0
DA:142,0
DA:143,0
DA:144,0
DA:146,0
DA:149,0
LF:61
LH:15
BRDA:105,0,0,0
BRDA:105,0,1,0
BRDA:111,1,0,0
BRDA:111,1,1,0
BRDA:142,2,0,0
BRDA:142,2,1,0
BRF:6
BRH:0
end_of_record
TN:
SF:src/app/actions/items-view-actions.js
FN:3,(anonymous_0)
FN:7,(anonymous_1)
FN:11,(anonymous_2)
FN:15,(anonymous_3)
FN:19,(anonymous_4)
FN:24,(anonymous_5)
FN:29,(anonymous_6)
FN:34,(anonymous_7)
FN:39,(anonymous_8)
FN:42,(anonymous_9)
FN:46,(anonymous_10)
FN:50,(anonymous_11)
FN:54,(anonymous_12)
FN:58,(anonymous_13)
FN:61,(anonymous_14)
FN:64,(anonymous_15)
FN:67,(anonymous_16)
FN:71,(anonymous_17)
FN:75,(anonymous_18)
FN:78,(anonymous_19)
FN:81,(anonymous_20)
FN:84,(anonymous_21)
FN:87,(anonymous_22)
FN:90,(anonymous_23)
FN:93,(anonymous_24)
FN:97,(anonymous_25)
FN:107,(anonymous_26)
FN:108,(anonymous_27)
FN:111,(anonymous_28)
FN:112,(anonymous_29)
FN:115,(anonymous_30)
FN:116,(anonymous_31)
FN:119,(anonymous_32)
FN:120,(anonymous_33)
FN:123,(anonymous_34)
FN:124,(anonymous_35)
FN:127,(anonymous_36)
FN:128,(anonymous_37)
FN:134,(anonymous_38)
FN:135,(anonymous_39)
FN:142,(anonymous_40)
FN:144,(anonymous_41)
FN:149,(anonymous_42)
FN:150,(anonymous_43)
FNF:44
FNH:1
FNDA:0,(anonymous_0)
FNDA:0,(anonymous_1)
FNDA:0,(anonymous_2)
FNDA:0,(anonymous_3)
FNDA:0,(anonymous_4)
FNDA:0,(anonymous_5)
FNDA:0,(anonymous_6)
FNDA:0,(anonymous_7)
FNDA:0,(anonymous_8)
FNDA:1,(anonymous_9)
FNDA:0,(anonymous_10)
FNDA:0,(anonymous_11)
FNDA:0,(anonymous_12)
FNDA:0,(anonymous_13)
FNDA:0,(anonymous_14)
FNDA:0,(anonymous_15)
FNDA:0,(anonymous_16)
FNDA:0,(anonymous_17)
FNDA:0,(anonymous_18)
FNDA:0,(anonymous_19)
FNDA:0,(anonymous_20)
FNDA:0,(anonymous_21)
FNDA:0,(anonymous_22)
FNDA:0,(anonymous_23)
FNDA:0,(anonymous_24)
FNDA:0,(anonymous_25)
FNDA:0,(anonymous_26)
FNDA:0,(anonymous_27)
FNDA:0,(anonymous_28)
FNDA:0,(anonymous_29)
FNDA:0,(anonymous_30)
FNDA:0,(anonymous_31)
FNDA:0,(anonymous_32)
FNDA:0,(anonymous_33)
FNDA:0,(anonymous_34)
FNDA:0,(anonymous_35)
FNDA:0,(anonymous_36)
FNDA:0,(anonymous_37)
FNDA:0,(anonymous_38)
FNDA:0,(anonymous_39)
FNDA:0,(anonymous_40)
FNDA:0,(anonymous_41)
FNDA:0,(anonymous_42)
FNDA:0,(anonymous_43)
DA:3,2
DA:7,2
DA:11,2
DA:15,2
DA:19,2
DA:24,2
DA:29,2
DA:34,2
DA:39,2
DA:42,2
DA:46,2
DA:50,2
DA:54,2
DA:58,2
DA:61,2
DA:64,2
DA:67,2
DA:71,2
DA:75,2
DA:78,2
DA:81,2
DA:84,2
DA:87,2
DA:90,2
DA:93,2
DA:97,2
DA:98,0
DA:107,2
DA:108,0
DA:111,2
DA:112,0
DA:115,2
DA:116,0
DA:119,2
DA:120,0
DA:123,2
DA:124,0
DA:127,2
DA:128,0
DA:129,0
DA:130,0
DA:134,2
DA:135,0
DA:137,0
DA:138,0
DA:142,2
DA:143,0
DA:144,0
DA:145,0
DA:149,2
DA:150,0
LF:51
LH:35
BRDA:129,0,0,0
BRDA:129,0,1,0
BRDA:137,1,0,0
BRDA:137,1,1,0
BRDA:143,2,0,0
BRDA:143,2,1,0
BRF:6
BRH:0
end_of_record
TN:
SF:src/app/actions/constants/Filter.js
FNF:0
FNH:0
DA:1,1
LF:1
LH:1
BRF:0
BRH:0
end_of_record
TN:
SF:src/app/actions/constants/Message.js
FNF:0
FNH:0
DA:1,2
LF:1
LH:1
BRF:0
BRH:0
end_of_record
TN:
SF:src/app/actions/constants/Results.js
FNF:0
FNH:0
DA:1,0
LF:1
LH:0
BRF:0
BRH:0
end_of_record
TN:
SF:src/app/actions/constants/SortType.js
FNF:0
FNH:0
DA:1,2
LF:1
LH:1
BRF:0
BRH:0
end_of_record
TN:
SF:src/app/actions/constants/Toast.js
FNF:0
FNH:0
DA:1,2
LF:1
LH:1
BRF:0
BRH:0
end_of_record
TN:
SF:src/app/actions/constants/index.js
FNF:0
FNH:0
DA:1,3
LF:1
LH:1
BRF:0
BRH:0
end_of_record
TN:
SF:src/app/reducers/index.js
FNF:0
FNH:0
DA:5,2
LF:1
LH:1
BRF:0
BRH:0
end_of_record
TN:
SF:src/app/reducers/items-entities-reducer.js
FN:7,(anonymous_0)
FN:11,(anonymous_1)
FN:32,(anonymous_2)
FNF:3
FNH:3
FNDA:13,(anonymous_0)
FNDA:3,(anonymous_1)
FNDA:1,(anonymous_2)
DA:3,3
DA:7,3
DA:8,13
DA:10,1
DA:11,3
DA:12,1
DA:17,1
DA:18,1
DA:19,1
DA:20,1
DA:25,0
DA:31,1
DA:32,1
DA:33,1
DA:38,1
DA:40,1
DA:41,1
DA:42,1
DA:43,1
DA:44,1
DA:49,9
LF:21
LH:20
BRDA:7,0,0,6
BRDA:8,1,0,1
BRDA:8,1,1,1
BRDA:8,1,2,0
BRDA:8,1,3,1
BRDA:8,1,4,1
BRDA:8,1,5,9
BRF:7
BRH:6
end_of_record
TN:
SF:src/app/reducers/items-view-reducer.js
FN:14,(anonymous_0)
FNF:1
FNH:1
FNDA:7,(anonymous_0)
DA:4,2
DA:14,2
DA:15,7
DA:17,1
DA:23,0
DA:34,0
DA:46,0
DA:52,0
DA:63,0
DA:75,0
DA:86,0
DA:99,0
DA:110,0
DA:120,0
DA:130,0
DA:141,0
DA:147,0
DA:153,0
DA:159,0
DA:165,0
DA:171,0
DA:182,6
LF:22
LH:5
BRDA:14,0,0,6
BRDA:15,1,0,1
BRDA:15,1,1,0
BRDA:15,1,2,0
BRDA:15,1,3,0
BRDA:15,1,4,0
BRDA:15,1,5,0
BRDA:15,1,6,0
BRDA:15,1,7,0
BRDA:15,1,8,0
BRDA:15,1,9,0
BRDA:15,1,10,0
BRDA:15,1,11,0
BRDA:15,1,12,0
BRDA:15,1,13,0
BRDA:15,1,14,0
BRDA:15,1,15,0
BRDA:15,1,16,0
BRDA:15,1,17,0
BRDA:15,1,18,6
BRDA:91,2,0,0
BRDA:91,2,1,0
BRF:22
BRH:3
end_of_record
TN:
SF:src/app/selectors/items-entities-selectors.js
FN:1,(anonymous_0)
FN:3,(anonymous_1)
FNF:2
FNH:2
FNDA:4,(anonymous_0)
FNDA:4,(anonymous_1)
DA:1,4
DA:3,4
LF:2
LH:2
BRF:0
BRH:0
end_of_record
TN:
SF:src/app/selectors/items-view-selectors.js
FN:5,(anonymous_0)
FN:7,(anonymous_1)
FN:8,(anonymous_2)
FN:9,(anonymous_3)
FN:10,(anonymous_4)
FN:11,(anonymous_5)
FN:12,(anonymous_6)
FN:13,(anonymous_7)
FN:15,(anonymous_8)
FN:27,(anonymous_9)
FN:28,(anonymous_10)
FN:31,(anonymous_11)
FN:35,(anonymous_12)
FN:57,(anonymous_13)
FN:68,(anonymous_14)
FN:71,(anonymous_15)
FNF:16
FNH:11
FNDA:18,(anonymous_0)
FNDA:2,(anonymous_1)
FNDA:2,(anonymous_2)
FNDA:2,(anonymous_3)
FNDA:4,(anonymous_4)
FNDA:4,(anonymous_5)
FNDA:2,(anonymous_6)
FNDA:2,(anonymous_7)
FNDA:0,(anonymous_8)
FNDA:1,(anonymous_9)
FNDA:0,(anonymous_10)
FNDA:0,(anonymous_11)
FNDA:0,(anonymous_12)
FNDA:0,(anonymous_13)
FNDA:1,(anonymous_14)
FNDA:1,(anonymous_15)
DA:5,18
DA:7,2
DA:8,2
DA:9,2
DA:10,4
DA:11,4
DA:12,2
DA:13,2
DA:15,1
DA:16,0
DA:17,0
DA:19,0
DA:20,0
DA:22,0
DA:25,1
DA:28,1
DA:29,1
DA:31,0
DA:32,0
DA:35,0
DA:36,0
DA:39,1
DA:43,1
DA:45,0
DA:46,0
DA:49,0
DA:50,0
DA:53,1
DA:56,1
DA:57,0
DA:58,0
DA:62,1
DA:66,1
DA:68,1
DA:71,1
DA:72,1
LF:36
LH:21
BRDA:16,0,0,0
BRDA:16,0,1,0
BRDA:19,1,0,0
BRDA:19,1,1,0
BRDA:29,2,0,0
BRDA:29,2,1,0
BRDA:29,2,2,1
BRDA:43,3,0,0
BRDA:43,3,1,0
BRDA:43,3,2,1
BRDA:56,4,0,0
BRDA:56,4,1,1
BRF:12
BRH:3
end_of_record
TN:
SF:src/app/services/itemClient.js
FN:4,(anonymous_0)
FN:9,(anonymous_1)
FN:18,(anonymous_2)
FN:25,(anonymous_3)
FN:31,(anonymous_4)
FN:37,(anonymous_5)
FNF:6
FNH:1
FNDA:1,(anonymous_0)
FNDA:0,(anonymous_1)
FNDA:0,(anonymous_2)
FNDA:0,(anonymous_3)
FNDA:0,(anonymous_4)
FNDA:0,(anonymous_5)
DA:1,2
DA:2,2
DA:4,2
DA:5,1
DA:6,0
DA:9,2
DA:10,0
DA:14,0
DA:15,0
DA:18,2
DA:19,0
DA:21,0
DA:22,0
DA:25,2
DA:26,0
DA:28,0
DA:31,2
DA:32,0
DA:33,0
DA:34,0
DA:37,2
DA:38,0
DA:39,0
DA:40,0
LF:24
LH:9
BRF:0
BRH:0
end_of_record
TN:
SF:src/components/Buttons/AddButton.jsx
FN:4,(anonymous_0)
FN:17,(anonymous_1)
FNF:2
FNH:1
FNDA:1,(anonymous_0)
FNDA:0,(anonymous_1)
DA:4,1
DA:5,1
DA:12,1
DA:16,1
LF:4
LH:4
BRF:0
BRH:0
end_of_record
TN:
SF:src/components/Buttons/ClearAllButton-connector.js
FN:7,(anonymous_0)
FN:11,(anonymous_1)
FNF:2
FNH:0
FNDA:0,(anonymous_0)
FNDA:0,(anonymous_1)
DA:7,1
DA:8,0
DA:11,1
DA:12,0
LF:4
LH:2
BRF:0
BRH:0
end_of_record
TN:
SF:src/components/Buttons/ClearAllButton.jsx
FN:4,(anonymous_0)
FN:17,(anonymous_1)
FNF:2
FNH:0
FNDA:0,(anonymous_0)
FNDA:0,(anonymous_1)
DA:4,1
DA:5,0
DA:12,1
DA:16,1
LF:4
LH:3
BRF:0
BRH:0
end_of_record
TN:
SF:src/components/Icon/Icon.jsx
FN:3,(anonymous_0)
FN:26,(anonymous_1)
FNF:2
FNH:1
FNDA:10,(anonymous_0)
FNDA:0,(anonymous_1)
DA:3,3
DA:4,10
DA:15,3
DA:22,3
LF:4
LH:4
BRF:0
BRH:0
end_of_record
TN:
SF:src/components/UserInput/UserInput-connector.js
FN:8,(anonymous_0)
FN:13,(anonymous_1)
FNF:2
FNH:2
FNDA:2,(anonymous_0)
FNDA:1,(anonymous_1)
DA:8,1
DA:9,2
DA:10,2
DA:13,1
DA:14,1
LF:5
LH:5
BRF:0
BRH:0
end_of_record
TN:
SF:src/components/UserInput/UserInput.jsx
FN:6,(anonymous_0)
FN:7,(anonymous_1)
FN:11,(anonymous_2)
FN:24,(anonymous_3)
FN:38,(anonymous_4)
FNF:5
FNH:1
FNDA:1,(anonymous_0)
FNDA:0,(anonymous_1)
FNDA:0,(anonymous_2)
FNDA:0,(anonymous_3)
FNDA:0,(anonymous_4)
DA:6,1
DA:7,1
DA:8,0
DA:11,1
DA:12,0
DA:13,0
DA:16,1
DA:24,0
DA:33,1
DA:37,1
LF:10
LH:6
BRDA:12,0,0,0
BRDA:12,0,1,0
BRF:2
BRH:0
end_of_record
TN:
SF:src/components/aboutUs/AboutUs.jsx
FN:3,(anonymous_0)
FNF:1
FNH:1
FNDA:1,(anonymous_0)
DA:3,2
DA:4,1
LF:2
LH:2
BRF:0
BRH:0
end_of_record
TN:
SF:src/components/displayOption/DisplayOption-connector.js
FN:10,(anonymous_0)
FN:14,(anonymous_1)
FNF:2
FNH:2
FNDA:2,(anonymous_0)
FNDA:1,(anonymous_1)
DA:10,1
DA:11,2
DA:14,1
DA:15,1
LF:4
LH:4
BRF:0
BRH:0
end_of_record
TN:
SF:src/components/displayOption/DisplayOption.jsx
FN:6,(anonymous_0)
FN:8,(anonymous_1)
FN:30,(anonymous_2)
FN:31,(anonymous_3)
FN:41,(anonymous_4)
FNF:5
FNH:2
FNDA:1,(anonymous_0)
FNDA:1,(anonymous_1)
FNDA:0,(anonymous_2)
FNDA:0,(anonymous_3)
FNDA:0,(anonymous_4)
DA:6,1
DA:7,1
DA:8,1
DA:20,1
DA:30,0
DA:31,0
DA:42,0
LF:7
LH:4
BRDA:30,0,0,0
BRDA:30,0,1,0
BRF:2
BRH:0
end_of_record
TN:
SF:src/components/item/Item-connector.js
FN:10,(anonymous_0)
FN:14,(anonymous_1)
FNF:2
FNH:2
FNDA:2,(anonymous_0)
FNDA:2,(anonymous_1)
DA:10,2
DA:11,2
DA:14,2
DA:15,2
LF:4
LH:4
BRF:0
BRH:0
end_of_record
TN:
SF:src/components/item/Item.jsx
FN:10,(anonymous_0)
FN:24,(anonymous_1)
FN:31,(anonymous_2)
FN:44,(anonymous_3)
FN:48,(anonymous_4)
FN:52,(anonymous_5)
FN:112,(anonymous_6)
FN:113,(anonymous_7)
FN:114,(anonymous_8)
FNF:9
FNH:1
FNDA:6,(anonymous_0)
FNDA:0,(anonymous_1)
FNDA:0,(anonymous_2)
FNDA:0,(anonymous_3)
FNDA:0,(anonymous_4)
FNDA:0,(anonymous_5)
FNDA:0,(anonymous_6)
FNDA:0,(anonymous_7)
FNDA:0,(anonymous_8)
DA:10,3
DA:19,6
DA:20,6
DA:21,6
DA:22,6
DA:23,6
DA:24,6
DA:25,0
DA:26,0
DA:27,0
DA:28,0
DA:31,6
DA:32,0
DA:33,0
DA:34,0
DA:35,0
DA:36,0
DA:37,0
DA:39,0
DA:41,0
DA:44,6
DA:45,0
DA:48,6
DA:49,0
DA:52,6
DA:53,0
DA:55,6
DA:99,3
DA:108,3
LF:29
LH:14
BRDA:36,0,0,0
BRDA:36,0,1,0
BRDA:57,1,0,2
BRDA:57,1,1,4
BRDA:67,2,0,0
BRDA:67,2,1,6
BRDA:69,3,0,6
BRDA:69,3,1,0
BRDA:73,4,0,6
BRDA:73,4,1,6
BRDA:73,4,2,4
BRDA:81,5,0,6
BRDA:81,5,1,0
BRDA:81,5,2,0
BRDA:91,6,0,2
BRDA:91,6,1,4
BRF:16
BRH:10
end_of_record
TN:
SF:src/components/listItems/ListItems-connector.js
FN:7,(anonymous_0)
FN:12,(anonymous_1)
FNF:2
FNH:2
FNDA:2,(anonymous_0)
FNDA:1,(anonymous_1)
DA:7,1
DA:8,2
DA:9,2
DA:12,1
DA:13,1
LF:5
LH:5
BRF:0
BRH:0
end_of_record
TN:
SF:src/components/listItems/ListItems.jsx
FN:6,(anonymous_0)
FN:7,(anonymous_1)
FN:8,(anonymous_2)
FN:13,(anonymous_3)
FN:19,(anonymous_4)
FNF:5
FNH:3
FNDA:2,(anonymous_0)
FNDA:0,(anonymous_1)
FNDA:0,(anonymous_2)
FNDA:2,(anonymous_3)
FNDA:2,(anonymous_4)
DA:6,2
DA:7,2
DA:8,0
DA:9,0
DA:10,0
DA:13,2
DA:14,2
DA:16,2
DA:20,2
DA:39,2
DA:43,2
LF:11
LH:8
BRDA:9,0,0,0
BRDA:9,0,1,0
BRDA:18,1,0,1
BRDA:18,1,1,1
BRF:4
BRH:2
end_of_record
TN:
SF:src/components/loader/Loader.jsx
FN:15,(anonymous_0)
FN:19,(anonymous_1)
FNF:2
FNH:2
FNDA:1,(anonymous_0)
FNDA:1,(anonymous_1)
DA:4,1
DA:16,1
DA:19,1
DA:20,1
LF:4
LH:4
BRDA:16,0,0,0
BRDA:16,0,1,1
BRF:2
BRH:1
end_of_record
TN:
SF:src/components/main/Main.jsx
FN:5,(anonymous_0)
FNF:1
FNH:0
FNDA:0,(anonymous_0)
DA:5,1
DA:6,0
LF:2
LH:1
BRF:0
BRH:0
end_of_record
TN:
SF:src/components/myToast/MyToast.jsx
FN:4,(anonymous_0)
FN:28,(anonymous_1)
FNF:2
FNH:1
FNDA:2,(anonymous_0)
FNDA:0,(anonymous_1)
DA:4,1
DA:5,2
DA:7,2
DA:19,1
DA:25,1
LF:5
LH:5
BRF:0
BRH:0
end_of_record
TN:
SF:src/components/navigationBar/NavigationBar.jsx
FN:4,(anonymous_0)
FNF:1
FNH:1
FNDA:1,(anonymous_0)
DA:4,1
DA:5,1
LF:2
LH:2
BRF:0
BRH:0
end_of_record
TN:
SF:src/components/sort/Sort-connector.js
FN:11,(anonymous_0)
FN:16,(anonymous_1)
FNF:2
FNH:2
FNDA:2,(anonymous_0)
FNDA:1,(anonymous_1)
DA:11,1
DA:12,2
DA:13,2
DA:16,1
DA:17,1
LF:5
LH:5
BRF:0
BRH:0
end_of_record
TN:
SF:src/components/sort/Sort.jsx
FN:6,(anonymous_0)
FN:14,(anonymous_1)
FN:30,(anonymous_2)
FN:46,(anonymous_3)
FN:47,(anonymous_4)
FNF:5
FNH:1
FNDA:1,(anonymous_0)
FNDA:0,(anonymous_1)
FNDA:0,(anonymous_2)
FNDA:0,(anonymous_3)
FNDA:0,(anonymous_4)
DA:6,1
DA:7,1
DA:15,0
DA:16,0
DA:31,0
DA:39,1
DA:45,1
LF:7
LH:4
BRDA:12,0,0,1
BRDA:12,0,1,0
BRDA:25,1,0,0
BRDA:25,1,1,1
BRDA:28,2,0,0
BRDA:28,2,1,0
BRF:6
BRH:2
end_of_record
TN:
SF:src/components/statistics/Statistics.jsx
FN:3,(anonymous_0)
FNF:1
FNH:0
FNDA:0,(anonymous_0)
DA:3,1
DA:4,0
LF:2
LH:1
BRF:0
BRH:0
end_of_record
TN:
SF:src/components/todoApp/TodoApp-connector.js
FN:15,(anonymous_0)
FN:32,(anonymous_1)
FNF:2
FNH:2
FNDA:2,(anonymous_0)
FNDA:1,(anonymous_1)
DA:15,1
DA:16,2
DA:17,2
DA:18,2
DA:19,2
DA:20,2
DA:21,2
DA:22,2
DA:32,1
DA:33,1
LF:10
LH:10
BRF:0
BRH:0
end_of_record
TN:
SF:src/components/todoApp/TodoApp.jsx
FN:11,(anonymous_0)
FN:64,(anonymous_1)
FN:65,(anonymous_2)
FNF:3
FNH:1
FNDA:2,(anonymous_0)
FNDA:0,(anonymous_1)
FNDA:0,(anonymous_2)
DA:11,1
DA:20,2
DA:47,1
DA:58,1
LF:4
LH:4
BRDA:23,0,0,2
BRDA:23,0,1,1
BRDA:34,1,0,0
BRDA:34,1,1,2
BRF:4
BRH:3
end_of_record
TN:
SF:src/navigation/Route.js
FNF:0
FNH:0
DA:1,1
LF:1
LH:1
BRF:0
BRH:0
end_of_record
TN:
SF:src/navigation/TodoSwitch.js
FN:6,(anonymous_0)
FN:12,(anonymous_1)
FN:17,(anonymous_2)
FN:22,(anonymous_3)
FNF:4
FNH:2
FNDA:1,(anonymous_0)
FNDA:1,(anonymous_1)
FNDA:0,(anonymous_2)
FNDA:0,(anonymous_3)
DA:6,1
DA:7,1
DA:12,1
DA:17,0
DA:22,0
LF:5
LH:3
BRF:0
BRH:0
end_of_record
TN:
SF:src/utils/utils.js
FN:1,(anonymous_0)
FN:9,(anonymous_1)
FNF:2
FNH:0
FNDA:0,(anonymous_0)
FNDA:0,(anonymous_1)
DA:1,3
DA:2,0
DA:3,0
DA:5,0
DA:9,3
DA:10,0
DA:11,0
LF:7
LH:2
BRDA:2,0,0,0
BRDA:2,0,1,0
BRDA:2,1,0,0
BRDA:2,1,1,0
BRF:4
BRH:0
end_of_record
